[0.025s] Invoking command in '/mnt/nova_ssd/workspaces/scout/build/scout_base': AMENT_PREFIX_PATH=/mnt/nova_ssd/workspaces/scout/install/scout_msgs:${AMENT_PREFIX_PATH} CMAKE_PREFIX_PATH=/opt/ros/humble:/mnt/nova_ssd/workspaces/scout/install/ugv_sdk:/mnt/nova_ssd/workspaces/scout/install/scout_msgs LD_LIBRARY_PATH=/mnt/nova_ssd/workspaces/scout/install/scout_msgs/lib:${LD_LIBRARY_PATH} PKG_CONFIG_PATH=/mnt/nova_ssd/workspaces/scout/install/ugv_sdk/lib/aarch64-linux-gnu/pkgconfig:/mnt/nova_ssd/workspaces/scout/install/ugv_sdk/lib/pkgconfig PYTHONPATH=/mnt/nova_ssd/workspaces/scout/install/scout_msgs/local/lib/python3.10/dist-packages:${PYTHONPATH} ROS_PACKAGE_PATH=/mnt/nova_ssd/workspaces/scout/install/ugv_sdk/share /usr/bin/cmake --build /mnt/nova_ssd/workspaces/scout/build/scout_base -- -j12 -l12
[0.063s] -- Found ament_cmake: 1.3.9 (/opt/ros/humble/share/ament_cmake/cmake)
[0.284s] -- Found rclcpp: 16.0.9 (/opt/ros/humble/share/rclcpp/cmake)
[0.354s] -- Found rosidl_generator_c: 3.1.5 (/opt/ros/humble/share/rosidl_generator_c/cmake)
[0.358s] -- Found rosidl_adapter: 3.1.5 (/opt/ros/humble/share/rosidl_adapter/cmake)
[0.367s] -- Found rosidl_generator_cpp: 3.1.5 (/opt/ros/humble/share/rosidl_generator_cpp/cmake)
[0.382s] -- Using all available rosidl_typesupport_c: rosidl_typesupport_fastrtps_c;rosidl_typesupport_introspection_c
[0.402s] -- Using all available rosidl_typesupport_cpp: rosidl_typesupport_fastrtps_cpp;rosidl_typesupport_introspection_cpp
[0.473s] -- Found rmw_implementation_cmake: 6.1.2 (/opt/ros/humble/share/rmw_implementation_cmake/cmake)
[0.475s] -- Found rmw_fastrtps_cpp: 6.2.6 (/opt/ros/humble/share/rmw_fastrtps_cpp/cmake)
[0.635s] -- Using RMW implementation 'rmw_fastrtps_cpp' as default
[0.831s] -- Found geometry_msgs: 4.2.4 (/opt/ros/humble/share/geometry_msgs/cmake)
[0.883s] -- Found nav_msgs: 4.2.4 (/opt/ros/humble/share/nav_msgs/cmake)
[0.985s] -- Found sensor_msgs: 4.2.4 (/opt/ros/humble/share/sensor_msgs/cmake)
[1.086s] -- Found tf2: 0.25.7 (/opt/ros/humble/share/tf2/cmake)
[1.095s] -- Found tf2_ros: 0.25.7 (/opt/ros/humble/share/tf2_ros/cmake)
[1.493s] -- Found tf2_geometry_msgs: 0.25.7 (/opt/ros/humble/share/tf2_geometry_msgs/cmake)
[1.498s] -- Found eigen3_cmake_module: 0.1.1 (/opt/ros/humble/share/eigen3_cmake_module/cmake)
[1.500s] -- Ensuring Eigen3 include directory is part of orocos-kdl CMake target
[1.511s] -- Found scout_msgs: 0.1.0 (/mnt/nova_ssd/workspaces/scout/install/scout_msgs/share/scout_msgs/cmake)
[1.592s] -- Found ament_lint_auto: 0.12.11 (/opt/ros/humble/share/ament_lint_auto/cmake)
[1.699s] -- Added test 'copyright' to check source files copyright and LICENSE
[1.700s] -- Added test 'cppcheck' to perform static code analysis on C / C++ code
[1.701s] -- Configured cppcheck include dirs: /mnt/nova_ssd/workspaces/scout/src/scout_ros2/scout_base/include
[1.701s] -- Configured cppcheck exclude dirs and/or files: 
[1.702s] -- Added test 'cpplint' to check C / C++ code against the Google style
[1.702s] -- Configured cpplint exclude dirs and/or files: 
[1.702s] -- Added test 'flake8' to check Python code syntax and style conventions
[1.703s] -- Added test 'lint_cmake' to check CMake code style
[1.703s] -- Added test 'pep257' to check Python code against some of the docstring style conventions in PEP 257
[1.704s] -- Added test 'uncrustify' to check C / C++ code style
[1.704s] -- Configured uncrustify additional arguments: 
[1.705s] -- Added test 'xmllint' to check XML markup files
[1.706s] -- Configuring done
[1.726s] -- Generating done
[1.729s] -- Build files have been written to: /mnt/nova_ssd/workspaces/scout/build/scout_base
[1.779s] [35m[1mConsolidate compiler generated dependencies of target scout_base_node[0m
[1.809s] [ 33%] [32mBuilding CXX object CMakeFiles/scout_base_node.dir/src/scout_base_ros.cpp.o[0m
[1.811s] [ 66%] [32mBuilding CXX object CMakeFiles/scout_base_node.dir/src/scout_base_node.cpp.o[0m
[2.189s] In file included from [01m[K/mnt/nova_ssd/workspaces/scout/src/scout_ros2/scout_base/include/scout_base/scout_messenger.hpp:21[m[K,
[2.189s]                  from [01m[K/mnt/nova_ssd/workspaces/scout/src/scout_ros2/scout_base/src/scout_base_ros.cpp:12[m[K:
[2.189s] [01m[K/opt/ros/humble/include/tf2_geometry_msgs/tf2_geometry_msgs/tf2_geometry_msgs.h:35:2:[m[K [01;35m[Kwarning: [m[K#warning is a GCC extension
[2.189s]    35 | #[01;35m[Kwarning[m[K This header is obsolete, please include tf2_geometry_msgs/tf2_geometry_msgs.hpp instead
[2.189s]       |  [01;35m[K^~~~~~~[m[K
[2.189s] [01m[K/opt/ros/humble/include/tf2_geometry_msgs/tf2_geometry_msgs/tf2_geometry_msgs.h:35:2:[m[K [01;35m[Kwarning: [m[K#warning This header is obsolete, please include tf2_geometry_msgs/tf2_geometry_msgs.hpp instead [[01;35m[K]8;;https://gcc.gnu.org/onlinedocs/gcc/Warning-Options.html#index-Wcpp-Wcpp]8;;[m[K]
[6.863s] [01m[K/mnt/nova_ssd/workspaces/scout/src/scout_ros2/scout_base/src/scout_base_ros.cpp:[m[K In constructor â€˜[01m[Kwestonrobot::ScoutBaseRos::ScoutBaseRos(std::string)[m[Kâ€™:
[6.864s] [01m[K/mnt/nova_ssd/workspaces/scout/src/scout_ros2/scout_base/src/scout_base_ros.cpp:18:26:[m[K [01;31m[Kerror: [m[Kno matching function for call to â€˜[01m[Kwestonrobot::ScoutBaseRos::declare_parameter(const char [10])[m[Kâ€™
[6.864s]    18 |   [01;31m[Kthis->declare_parameter("port_name")[m[K;
[6.864s]       |   [01;31m[K~~~~~~~~~~~~~~~~~~~~~~~^~~~~~~~~~~~~[m[K
[6.865s] In file included from [01m[K/opt/ros/humble/include/rclcpp/rclcpp/executors/single_threaded_executor.hpp:28[m[K,
[6.865s]                  from [01m[K/opt/ros/humble/include/rclcpp/rclcpp/executors.hpp:22[m[K,
[6.865s]                  from [01m[K/opt/ros/humble/include/rclcpp/rclcpp/rclcpp.hpp:155[m[K,
[6.865s]                  from [01m[K/mnt/nova_ssd/workspaces/scout/src/scout_ros2/scout_base/include/scout_base/scout_base_ros.hpp:16[m[K,
[6.865s]                  from [01m[K/mnt/nova_ssd/workspaces/scout/src/scout_ros2/scout_base/src/scout_base_ros.cpp:10[m[K:
[6.865s] [01m[K/opt/ros/humble/include/rclcpp/rclcpp/node.hpp:421:3:[m[K [01;36m[Knote: [m[Kcandidate: â€˜[01m[Ktemplate<class ParameterT> auto rclcpp::Node::declare_parameter(const string&, const ParameterT&, const ParameterDescriptor&, bool)[m[Kâ€™
[6.865s]   421 |   [01;36m[Kdeclare_parameter[m[K(
[6.865s]       |   [01;36m[K^~~~~~~~~~~~~~~~~[m[K
[6.865s] [01m[K/opt/ros/humble/include/rclcpp/rclcpp/node.hpp:421:3:[m[K [01;36m[Knote: [m[K  template argument deduction/substitution failed:
[6.865s] [01m[K/mnt/nova_ssd/workspaces/scout/src/scout_ros2/scout_base/src/scout_base_ros.cpp:18:26:[m[K [01;36m[Knote: [m[K  candidate expects 4 arguments, 1 provided
[6.865s]    18 |   [01;36m[Kthis->declare_parameter("port_name")[m[K;
[6.865s]       |   [01;36m[K~~~~~~~~~~~~~~~~~~~~~~~^~~~~~~~~~~~~[m[K
[6.865s] In file included from [01m[K/opt/ros/humble/include/rclcpp/rclcpp/executors/single_threaded_executor.hpp:28[m[K,
[6.866s]                  from [01m[K/opt/ros/humble/include/rclcpp/rclcpp/executors.hpp:22[m[K,
[6.866s]                  from [01m[K/opt/ros/humble/include/rclcpp/rclcpp/rclcpp.hpp:155[m[K,
[6.866s]                  from [01m[K/mnt/nova_ssd/workspaces/scout/src/scout_ros2/scout_base/include/scout_base/scout_base_ros.hpp:16[m[K,
[6.866s]                  from [01m[K/mnt/nova_ssd/workspaces/scout/src/scout_ros2/scout_base/src/scout_base_ros.cpp:10[m[K:
[6.866s] [01m[K/opt/ros/humble/include/rclcpp/rclcpp/node.hpp:434:3:[m[K [01;36m[Knote: [m[Kcandidate: â€˜[01m[Ktemplate<class ParameterT> auto rclcpp::Node::declare_parameter(const string&, const ParameterDescriptor&, bool)[m[Kâ€™
[6.866s]   434 |   [01;36m[Kdeclare_parameter[m[K(
[6.866s]       |   [01;36m[K^~~~~~~~~~~~~~~~~[m[K
[6.866s] [01m[K/opt/ros/humble/include/rclcpp/rclcpp/node.hpp:434:3:[m[K [01;36m[Knote: [m[K  template argument deduction/substitution failed:
[6.866s] [01m[K/mnt/nova_ssd/workspaces/scout/src/scout_ros2/scout_base/src/scout_base_ros.cpp:18:26:[m[K [01;36m[Knote: [m[K  couldnâ€™t deduce template parameter â€˜[01m[KParameterT[m[Kâ€™
[6.866s]    18 |   [01;36m[Kthis->declare_parameter("port_name")[m[K;
[6.866s]       |   [01;36m[K~~~~~~~~~~~~~~~~~~~~~~~^~~~~~~~~~~~~[m[K
[6.866s] In file included from [01m[K/opt/ros/humble/include/rclcpp/rclcpp/executors/single_threaded_executor.hpp:28[m[K,
[6.866s]                  from [01m[K/opt/ros/humble/include/rclcpp/rclcpp/executors.hpp:22[m[K,
[6.867s]                  from [01m[K/opt/ros/humble/include/rclcpp/rclcpp/rclcpp.hpp:155[m[K,
[6.867s]                  from [01m[K/mnt/nova_ssd/workspaces/scout/src/scout_ros2/scout_base/include/scout_base/scout_base_ros.hpp:16[m[K,
[6.867s]                  from [01m[K/mnt/nova_ssd/workspaces/scout/src/scout_ros2/scout_base/src/scout_base_ros.cpp:10[m[K:
[6.867s] [01m[K/opt/ros/humble/include/rclcpp/rclcpp/node.hpp:366:3:[m[K [01;36m[Knote: [m[Kcandidate: â€˜[01m[Kconst rclcpp::ParameterValue& rclcpp::Node::declare_parameter(const string&, const rclcpp::ParameterValue&, const ParameterDescriptor&, bool)[m[Kâ€™
[6.867s]   366 |   [01;36m[Kdeclare_parameter[m[K(
[6.867s]       |   [01;36m[K^~~~~~~~~~~~~~~~~[m[K
[6.867s] [01m[K/opt/ros/humble/include/rclcpp/rclcpp/node.hpp:366:3:[m[K [01;36m[Knote: [m[K  candidate expects 4 arguments, 1 provided
[6.867s] [01m[K/opt/ros/humble/include/rclcpp/rclcpp/node.hpp:391:3:[m[K [01;36m[Knote: [m[Kcandidate: â€˜[01m[Kconst rclcpp::ParameterValue& rclcpp::Node::declare_parameter(const string&, rclcpp::ParameterType, const ParameterDescriptor&, bool)[m[Kâ€™
[6.867s]   391 |   [01;36m[Kdeclare_parameter[m[K(
[6.867s]       |   [01;36m[K^~~~~~~~~~~~~~~~~[m[K
[6.867s] [01m[K/opt/ros/humble/include/rclcpp/rclcpp/node.hpp:391:3:[m[K [01;36m[Knote: [m[K  candidate expects 4 arguments, 1 provided
[6.867s] [01m[K/mnt/nova_ssd/workspaces/scout/src/scout_ros2/scout_base/src/scout_base_ros.cpp:20:26:[m[K [01;31m[Kerror: [m[Kno matching function for call to â€˜[01m[Kwestonrobot::ScoutBaseRos::declare_parameter(const char [11])[m[Kâ€™
[6.867s]    20 |   [01;31m[Kthis->declare_parameter("odom_frame")[m[K;
[6.868s]       |   [01;31m[K~~~~~~~~~~~~~~~~~~~~~~~^~~~~~~~~~~~~~[m[K
[6.868s] In file included from [01m[K/opt/ros/humble/include/rclcpp/rclcpp/executors/single_threaded_executor.hpp:28[m[K,
[6.868s]                  from [01m[K/opt/ros/humble/include/rclcpp/rclcpp/executors.hpp:22[m[K,
[6.868s]                  from [01m[K/opt/ros/humble/include/rclcpp/rclcpp/rclcpp.hpp:155[m[K,
[6.868s]                  from [01m[K/mnt/nova_ssd/workspaces/scout/src/scout_ros2/scout_base/include/scout_base/scout_base_ros.hpp:16[m[K,
[6.868s]                  from [01m[K/mnt/nova_ssd/workspaces/scout/src/scout_ros2/scout_base/src/scout_base_ros.cpp:10[m[K:
[6.868s] [01m[K/opt/ros/humble/include/rclcpp/rclcpp/node.hpp:421:3:[m[K [01;36m[Knote: [m[Kcandidate: â€˜[01m[Ktemplate<class ParameterT> auto rclcpp::Node::declare_parameter(const string&, const ParameterT&, const ParameterDescriptor&, bool)[m[Kâ€™
[6.868s]   421 |   [01;36m[Kdeclare_parameter[m[K(
[6.868s]       |   [01;36m[K^~~~~~~~~~~~~~~~~[m[K
[6.868s] [01m[K/opt/ros/humble/include/rclcpp/rclcpp/node.hpp:421:3:[m[K [01;36m[Knote: [m[K  template argument deduction/substitution failed:
[6.868s] [01m[K/mnt/nova_ssd/workspaces/scout/src/scout_ros2/scout_base/src/scout_base_ros.cpp:20:26:[m[K [01;36m[Knote: [m[K  candidate expects 4 arguments, 1 provided
[6.868s]    20 |   [01;36m[Kthis->declare_parameter("odom_frame")[m[K;
[6.869s]       |   [01;36m[K~~~~~~~~~~~~~~~~~~~~~~~^~~~~~~~~~~~~~[m[K
[6.869s] In file included from [01m[K/opt/ros/humble/include/rclcpp/rclcpp/executors/single_threaded_executor.hpp:28[m[K,
[6.869s]                  from [01m[K/opt/ros/humble/include/rclcpp/rclcpp/executors.hpp:22[m[K,
[6.869s]                  from [01m[K/opt/ros/humble/include/rclcpp/rclcpp/rclcpp.hpp:155[m[K,
[6.869s]                  from [01m[K/mnt/nova_ssd/workspaces/scout/src/scout_ros2/scout_base/include/scout_base/scout_base_ros.hpp:16[m[K,
[6.869s]                  from [01m[K/mnt/nova_ssd/workspaces/scout/src/scout_ros2/scout_base/src/scout_base_ros.cpp:10[m[K:
[6.869s] [01m[K/opt/ros/humble/include/rclcpp/rclcpp/node.hpp:434:3:[m[K [01;36m[Knote: [m[Kcandidate: â€˜[01m[Ktemplate<class ParameterT> auto rclcpp::Node::declare_parameter(const string&, const ParameterDescriptor&, bool)[m[Kâ€™
[6.869s]   434 |   [01;36m[Kdeclare_parameter[m[K(
[6.869s]       |   [01;36m[K^~~~~~~~~~~~~~~~~[m[K
[6.869s] [01m[K/opt/ros/humble/include/rclcpp/rclcpp/node.hpp:434:3:[m[K [01;36m[Knote: [m[K  template argument deduction/substitution failed:
[6.869s] [01m[K/mnt/nova_ssd/workspaces/scout/src/scout_ros2/scout_base/src/scout_base_ros.cpp:20:26:[m[K [01;36m[Knote: [m[K  couldnâ€™t deduce template parameter â€˜[01m[KParameterT[m[Kâ€™
[6.869s]    20 |   [01;36m[Kthis->declare_parameter("odom_frame")[m[K;
[6.869s]       |   [01;36m[K~~~~~~~~~~~~~~~~~~~~~~~^~~~~~~~~~~~~~[m[K
[6.870s] In file included from [01m[K/opt/ros/humble/include/rclcpp/rclcpp/executors/single_threaded_executor.hpp:28[m[K,
[6.870s]                  from [01m[K/opt/ros/humble/include/rclcpp/rclcpp/executors.hpp:22[m[K,
[6.870s]                  from [01m[K/opt/ros/humble/include/rclcpp/rclcpp/rclcpp.hpp:155[m[K,
[6.870s]                  from [01m[K/mnt/nova_ssd/workspaces/scout/src/scout_ros2/scout_base/include/scout_base/scout_base_ros.hpp:16[m[K,
[6.870s]                  from [01m[K/mnt/nova_ssd/workspaces/scout/src/scout_ros2/scout_base/src/scout_base_ros.cpp:10[m[K:
[6.870s] [01m[K/opt/ros/humble/include/rclcpp/rclcpp/node.hpp:366:3:[m[K [01;36m[Knote: [m[Kcandidate: â€˜[01m[Kconst rclcpp::ParameterValue& rclcpp::Node::declare_parameter(const string&, const rclcpp::ParameterValue&, const ParameterDescriptor&, bool)[m[Kâ€™
[6.870s]   366 |   [01;36m[Kdeclare_parameter[m[K(
[6.870s]       |   [01;36m[K^~~~~~~~~~~~~~~~~[m[K
[6.870s] [01m[K/opt/ros/humble/include/rclcpp/rclcpp/node.hpp:366:3:[m[K [01;36m[Knote: [m[K  candidate expects 4 arguments, 1 provided
[6.870s] [01m[K/opt/ros/humble/include/rclcpp/rclcpp/node.hpp:391:3:[m[K [01;36m[Knote: [m[Kcandidate: â€˜[01m[Kconst rclcpp::ParameterValue& rclcpp::Node::declare_parameter(const string&, rclcpp::ParameterType, const ParameterDescriptor&, bool)[m[Kâ€™
[6.870s]   391 |   [01;36m[Kdeclare_parameter[m[K(
[6.870s]       |   [01;36m[K^~~~~~~~~~~~~~~~~[m[K
[6.870s] [01m[K/opt/ros/humble/include/rclcpp/rclcpp/node.hpp:391:3:[m[K [01;36m[Knote: [m[K  candidate expects 4 arguments, 1 provided
[6.871s] [01m[K/mnt/nova_ssd/workspaces/scout/src/scout_ros2/scout_base/src/scout_base_ros.cpp:21:26:[m[K [01;31m[Kerror: [m[Kno matching function for call to â€˜[01m[Kwestonrobot::ScoutBaseRos::declare_parameter(const char [11])[m[Kâ€™
[6.871s]    21 |   [01;31m[Kthis->declare_parameter("base_frame")[m[K;
[6.871s]       |   [01;31m[K~~~~~~~~~~~~~~~~~~~~~~~^~~~~~~~~~~~~~[m[K
[6.871s] In file included from [01m[K/opt/ros/humble/include/rclcpp/rclcpp/executors/single_threaded_executor.hpp:28[m[K,
[6.871s]                  from [01m[K/opt/ros/humble/include/rclcpp/rclcpp/executors.hpp:22[m[K,
[6.871s]                  from [01m[K/opt/ros/humble/include/rclcpp/rclcpp/rclcpp.hpp:155[m[K,
[6.871s]                  from [01m[K/mnt/nova_ssd/workspaces/scout/src/scout_ros2/scout_base/include/scout_base/scout_base_ros.hpp:16[m[K,
[6.871s]                  from [01m[K/mnt/nova_ssd/workspaces/scout/src/scout_ros2/scout_base/src/scout_base_ros.cpp:10[m[K:
[6.871s] [01m[K/opt/ros/humble/include/rclcpp/rclcpp/node.hpp:421:3:[m[K [01;36m[Knote: [m[Kcandidate: â€˜[01m[Ktemplate<class ParameterT> auto rclcpp::Node::declare_parameter(const string&, const ParameterT&, const ParameterDescriptor&, bool)[m[Kâ€™
[6.871s]   421 |   [01;36m[Kdeclare_parameter[m[K(
[6.871s]       |   [01;36m[K^~~~~~~~~~~~~~~~~[m[K
[6.871s] [01m[K/opt/ros/humble/include/rclcpp/rclcpp/node.hpp:421:3:[m[K [01;36m[Knote: [m[K  template argument deduction/substitution failed:
[6.871s] [01m[K/mnt/nova_ssd/workspaces/scout/src/scout_ros2/scout_base/src/scout_base_ros.cpp:21:26:[m[K [01;36m[Knote: [m[K  candidate expects 4 arguments, 1 provided
[6.872s]    21 |   [01;36m[Kthis->declare_parameter("base_frame")[m[K;
[6.872s]       |   [01;36m[K~~~~~~~~~~~~~~~~~~~~~~~^~~~~~~~~~~~~~[m[K
[6.872s] In file included from [01m[K/opt/ros/humble/include/rclcpp/rclcpp/executors/single_threaded_executor.hpp:28[m[K,
[6.872s]                  from [01m[K/opt/ros/humble/include/rclcpp/rclcpp/executors.hpp:22[m[K,
[6.872s]                  from [01m[K/opt/ros/humble/include/rclcpp/rclcpp/rclcpp.hpp:155[m[K,
[6.872s]                  from [01m[K/mnt/nova_ssd/workspaces/scout/src/scout_ros2/scout_base/include/scout_base/scout_base_ros.hpp:16[m[K,
[6.872s]                  from [01m[K/mnt/nova_ssd/workspaces/scout/src/scout_ros2/scout_base/src/scout_base_ros.cpp:10[m[K:
[6.872s] [01m[K/opt/ros/humble/include/rclcpp/rclcpp/node.hpp:434:3:[m[K [01;36m[Knote: [m[Kcandidate: â€˜[01m[Ktemplate<class ParameterT> auto rclcpp::Node::declare_parameter(const string&, const ParameterDescriptor&, bool)[m[Kâ€™
[6.872s]   434 |   [01;36m[Kdeclare_parameter[m[K(
[6.872s]       |   [01;36m[K^~~~~~~~~~~~~~~~~[m[K
[6.872s] [01m[K/opt/ros/humble/include/rclcpp/rclcpp/node.hpp:434:3:[m[K [01;36m[Knote: [m[K  template argument deduction/substitution failed:
[6.872s] [01m[K/mnt/nova_ssd/workspaces/scout/src/scout_ros2/scout_base/src/scout_base_ros.cpp:21:26:[m[K [01;36m[Knote: [m[K  couldnâ€™t deduce template parameter â€˜[01m[KParameterT[m[Kâ€™
[6.872s]    21 |   [01;36m[Kthis->declare_parameter("base_frame")[m[K;
[6.873s]       |   [01;36m[K~~~~~~~~~~~~~~~~~~~~~~~^~~~~~~~~~~~~~[m[K
[6.873s] In file included from [01m[K/opt/ros/humble/include/rclcpp/rclcpp/executors/single_threaded_executor.hpp:28[m[K,
[6.873s]                  from [01m[K/opt/ros/humble/include/rclcpp/rclcpp/executors.hpp:22[m[K,
[6.873s]                  from [01m[K/opt/ros/humble/include/rclcpp/rclcpp/rclcpp.hpp:155[m[K,
[6.873s]                  from [01m[K/mnt/nova_ssd/workspaces/scout/src/scout_ros2/scout_base/include/scout_base/scout_base_ros.hpp:16[m[K,
[6.873s]                  from [01m[K/mnt/nova_ssd/workspaces/scout/src/scout_ros2/scout_base/src/scout_base_ros.cpp:10[m[K:
[6.873s] [01m[K/opt/ros/humble/include/rclcpp/rclcpp/node.hpp:366:3:[m[K [01;36m[Knote: [m[Kcandidate: â€˜[01m[Kconst rclcpp::ParameterValue& rclcpp::Node::declare_parameter(const string&, const rclcpp::ParameterValue&, const ParameterDescriptor&, bool)[m[Kâ€™
[6.873s]   366 |   [01;36m[Kdeclare_parameter[m[K(
[6.873s]       |   [01;36m[K^~~~~~~~~~~~~~~~~[m[K
[6.873s] [01m[K/opt/ros/humble/include/rclcpp/rclcpp/node.hpp:366:3:[m[K [01;36m[Knote: [m[K  candidate expects 4 arguments, 1 provided
[6.873s] [01m[K/opt/ros/humble/include/rclcpp/rclcpp/node.hpp:391:3:[m[K [01;36m[Knote: [m[Kcandidate: â€˜[01m[Kconst rclcpp::ParameterValue& rclcpp::Node::declare_parameter(const string&, rclcpp::ParameterType, const ParameterDescriptor&, bool)[m[Kâ€™
[6.873s]   391 |   [01;36m[Kdeclare_parameter[m[K(
[6.873s]       |   [01;36m[K^~~~~~~~~~~~~~~~~[m[K
[6.874s] [01m[K/opt/ros/humble/include/rclcpp/rclcpp/node.hpp:391:3:[m[K [01;36m[Knote: [m[K  candidate expects 4 arguments, 1 provided
[6.874s] [01m[K/mnt/nova_ssd/workspaces/scout/src/scout_ros2/scout_base/src/scout_base_ros.cpp:22:26:[m[K [01;31m[Kerror: [m[Kno matching function for call to â€˜[01m[Kwestonrobot::ScoutBaseRos::declare_parameter(const char [16])[m[Kâ€™
[6.874s]    22 |   [01;31m[Kthis->declare_parameter("odom_topic_name")[m[K;
[6.874s]       |   [01;31m[K~~~~~~~~~~~~~~~~~~~~~~~^~~~~~~~~~~~~~~~~~~[m[K
[6.874s] In file included from [01m[K/opt/ros/humble/include/rclcpp/rclcpp/executors/single_threaded_executor.hpp:28[m[K,
[6.874s]                  from [01m[K/opt/ros/humble/include/rclcpp/rclcpp/executors.hpp:22[m[K,
[6.874s]                  from [01m[K/opt/ros/humble/include/rclcpp/rclcpp/rclcpp.hpp:155[m[K,
[6.874s]                  from [01m[K/mnt/nova_ssd/workspaces/scout/src/scout_ros2/scout_base/include/scout_base/scout_base_ros.hpp:16[m[K,
[6.874s]                  from [01m[K/mnt/nova_ssd/workspaces/scout/src/scout_ros2/scout_base/src/scout_base_ros.cpp:10[m[K:
[6.874s] [01m[K/opt/ros/humble/include/rclcpp/rclcpp/node.hpp:421:3:[m[K [01;36m[Knote: [m[Kcandidate: â€˜[01m[Ktemplate<class ParameterT> auto rclcpp::Node::declare_parameter(const string&, const ParameterT&, const ParameterDescriptor&, bool)[m[Kâ€™
[6.874s]   421 |   [01;36m[Kdeclare_parameter[m[K(
[6.874s]       |   [01;36m[K^~~~~~~~~~~~~~~~~[m[K
[6.874s] [01m[K/opt/ros/humble/include/rclcpp/rclcpp/node.hpp:421:3:[m[K [01;36m[Knote: [m[K  template argument deduction/substitution failed:
[6.875s] [01m[K/mnt/nova_ssd/workspaces/scout/src/scout_ros2/scout_base/src/scout_base_ros.cpp:22:26:[m[K [01;36m[Knote: [m[K  candidate expects 4 arguments, 1 provided
[6.875s]    22 |   [01;36m[Kthis->declare_parameter("odom_topic_name")[m[K;
[6.875s]       |   [01;36m[K~~~~~~~~~~~~~~~~~~~~~~~^~~~~~~~~~~~~~~~~~~[m[K
[6.875s] In file included from [01m[K/opt/ros/humble/include/rclcpp/rclcpp/executors/single_threaded_executor.hpp:28[m[K,
[6.875s]                  from [01m[K/opt/ros/humble/include/rclcpp/rclcpp/executors.hpp:22[m[K,
[6.875s]                  from [01m[K/opt/ros/humble/include/rclcpp/rclcpp/rclcpp.hpp:155[m[K,
[6.875s]                  from [01m[K/mnt/nova_ssd/workspaces/scout/src/scout_ros2/scout_base/include/scout_base/scout_base_ros.hpp:16[m[K,
[6.875s]                  from [01m[K/mnt/nova_ssd/workspaces/scout/src/scout_ros2/scout_base/src/scout_base_ros.cpp:10[m[K:
[6.875s] [01m[K/opt/ros/humble/include/rclcpp/rclcpp/node.hpp:434:3:[m[K [01;36m[Knote: [m[Kcandidate: â€˜[01m[Ktemplate<class ParameterT> auto rclcpp::Node::declare_parameter(const string&, const ParameterDescriptor&, bool)[m[Kâ€™
[6.875s]   434 |   [01;36m[Kdeclare_parameter[m[K(
[6.875s]       |   [01;36m[K^~~~~~~~~~~~~~~~~[m[K
[6.875s] [01m[K/opt/ros/humble/include/rclcpp/rclcpp/node.hpp:434:3:[m[K [01;36m[Knote: [m[K  template argument deduction/substitution failed:
[6.876s] [01m[K/mnt/nova_ssd/workspaces/scout/src/scout_ros2/scout_base/src/scout_base_ros.cpp:22:26:[m[K [01;36m[Knote: [m[K  couldnâ€™t deduce template parameter â€˜[01m[KParameterT[m[Kâ€™
[6.876s]    22 |   [01;36m[Kthis->declare_parameter("odom_topic_name")[m[K;
[6.876s]       |   [01;36m[K~~~~~~~~~~~~~~~~~~~~~~~^~~~~~~~~~~~~~~~~~~[m[K
[6.876s] In file included from [01m[K/opt/ros/humble/include/rclcpp/rclcpp/executors/single_threaded_executor.hpp:28[m[K,
[6.876s]                  from [01m[K/opt/ros/humble/include/rclcpp/rclcpp/executors.hpp:22[m[K,
[6.876s]                  from [01m[K/opt/ros/humble/include/rclcpp/rclcpp/rclcpp.hpp:155[m[K,
[6.876s]                  from [01m[K/mnt/nova_ssd/workspaces/scout/src/scout_ros2/scout_base/include/scout_base/scout_base_ros.hpp:16[m[K,
[6.876s]                  from [01m[K/mnt/nova_ssd/workspaces/scout/src/scout_ros2/scout_base/src/scout_base_ros.cpp:10[m[K:
[6.876s] [01m[K/opt/ros/humble/include/rclcpp/rclcpp/node.hpp:366:3:[m[K [01;36m[Knote: [m[Kcandidate: â€˜[01m[Kconst rclcpp::ParameterValue& rclcpp::Node::declare_parameter(const string&, const rclcpp::ParameterValue&, const ParameterDescriptor&, bool)[m[Kâ€™
[6.876s]   366 |   [01;36m[Kdeclare_parameter[m[K(
[6.876s]       |   [01;36m[K^~~~~~~~~~~~~~~~~[m[K
[6.876s] [01m[K/opt/ros/humble/include/rclcpp/rclcpp/node.hpp:366:3:[m[K [01;36m[Knote: [m[K  candidate expects 4 arguments, 1 provided
[6.876s] [01m[K/opt/ros/humble/include/rclcpp/rclcpp/node.hpp:391:3:[m[K [01;36m[Knote: [m[Kcandidate: â€˜[01m[Kconst rclcpp::ParameterValue& rclcpp::Node::declare_parameter(const string&, rclcpp::ParameterType, const ParameterDescriptor&, bool)[m[Kâ€™
[6.877s]   391 |   [01;36m[Kdeclare_parameter[m[K(
[6.877s]       |   [01;36m[K^~~~~~~~~~~~~~~~~[m[K
[6.877s] [01m[K/opt/ros/humble/include/rclcpp/rclcpp/node.hpp:391:3:[m[K [01;36m[Knote: [m[K  candidate expects 4 arguments, 1 provided
[6.877s] [01m[K/mnt/nova_ssd/workspaces/scout/src/scout_ros2/scout_base/src/scout_base_ros.cpp:24:26:[m[K [01;31m[Kerror: [m[Kno matching function for call to â€˜[01m[Kwestonrobot::ScoutBaseRos::declare_parameter(const char [14])[m[Kâ€™
[6.877s]    24 |   [01;31m[Kthis->declare_parameter("is_scout_mini")[m[K;
[6.877s]       |   [01;31m[K~~~~~~~~~~~~~~~~~~~~~~~^~~~~~~~~~~~~~~~~[m[K
[6.877s] In file included from [01m[K/opt/ros/humble/include/rclcpp/rclcpp/executors/single_threaded_executor.hpp:28[m[K,
[6.877s]                  from [01m[K/opt/ros/humble/include/rclcpp/rclcpp/executors.hpp:22[m[K,
[6.877s]                  from [01m[K/opt/ros/humble/include/rclcpp/rclcpp/rclcpp.hpp:155[m[K,
[6.877s]                  from [01m[K/mnt/nova_ssd/workspaces/scout/src/scout_ros2/scout_base/include/scout_base/scout_base_ros.hpp:16[m[K,
[6.877s]                  from [01m[K/mnt/nova_ssd/workspaces/scout/src/scout_ros2/scout_base/src/scout_base_ros.cpp:10[m[K:
[6.877s] [01m[K/opt/ros/humble/include/rclcpp/rclcpp/node.hpp:421:3:[m[K [01;36m[Knote: [m[Kcandidate: â€˜[01m[Ktemplate<class ParameterT> auto rclcpp::Node::declare_parameter(const string&, const ParameterT&, const ParameterDescriptor&, bool)[m[Kâ€™
[6.877s]   421 |   [01;36m[Kdeclare_parameter[m[K(
[6.878s]       |   [01;36m[K^~~~~~~~~~~~~~~~~[m[K
[6.878s] [01m[K/opt/ros/humble/include/rclcpp/rclcpp/node.hpp:421:3:[m[K [01;36m[Knote: [m[K  template argument deduction/substitution failed:
[6.878s] [01m[K/mnt/nova_ssd/workspaces/scout/src/scout_ros2/scout_base/src/scout_base_ros.cpp:24:26:[m[K [01;36m[Knote: [m[K  candidate expects 4 arguments, 1 provided
[6.878s]    24 |   [01;36m[Kthis->declare_parameter("is_scout_mini")[m[K;
[6.878s]       |   [01;36m[K~~~~~~~~~~~~~~~~~~~~~~~^~~~~~~~~~~~~~~~~[m[K
[6.878s] In file included from [01m[K/opt/ros/humble/include/rclcpp/rclcpp/executors/single_threaded_executor.hpp:28[m[K,
[6.878s]                  from [01m[K/opt/ros/humble/include/rclcpp/rclcpp/executors.hpp:22[m[K,
[6.878s]                  from [01m[K/opt/ros/humble/include/rclcpp/rclcpp/rclcpp.hpp:155[m[K,
[6.878s]                  from [01m[K/mnt/nova_ssd/workspaces/scout/src/scout_ros2/scout_base/include/scout_base/scout_base_ros.hpp:16[m[K,
[6.878s]                  from [01m[K/mnt/nova_ssd/workspaces/scout/src/scout_ros2/scout_base/src/scout_base_ros.cpp:10[m[K:
[6.878s] [01m[K/opt/ros/humble/include/rclcpp/rclcpp/node.hpp:434:3:[m[K [01;36m[Knote: [m[Kcandidate: â€˜[01m[Ktemplate<class ParameterT> auto rclcpp::Node::declare_parameter(const string&, const ParameterDescriptor&, bool)[m[Kâ€™
[6.878s]   434 |   [01;36m[Kdeclare_parameter[m[K(
[6.878s]       |   [01;36m[K^~~~~~~~~~~~~~~~~[m[K
[6.879s] [01m[K/opt/ros/humble/include/rclcpp/rclcpp/node.hpp:434:3:[m[K [01;36m[Knote: [m[K  template argument deduction/substitution failed:
[6.879s] [01m[K/mnt/nova_ssd/workspaces/scout/src/scout_ros2/scout_base/src/scout_base_ros.cpp:24:26:[m[K [01;36m[Knote: [m[K  couldnâ€™t deduce template parameter â€˜[01m[KParameterT[m[Kâ€™
[6.879s]    24 |   [01;36m[Kthis->declare_parameter("is_scout_mini")[m[K;
[6.879s]       |   [01;36m[K~~~~~~~~~~~~~~~~~~~~~~~^~~~~~~~~~~~~~~~~[m[K
[6.879s] In file included from [01m[K/opt/ros/humble/include/rclcpp/rclcpp/executors/single_threaded_executor.hpp:28[m[K,
[6.879s]                  from [01m[K/opt/ros/humble/include/rclcpp/rclcpp/executors.hpp:22[m[K,
[6.879s]                  from [01m[K/opt/ros/humble/include/rclcpp/rclcpp/rclcpp.hpp:155[m[K,
[6.879s]                  from [01m[K/mnt/nova_ssd/workspaces/scout/src/scout_ros2/scout_base/include/scout_base/scout_base_ros.hpp:16[m[K,
[6.879s]                  from [01m[K/mnt/nova_ssd/workspaces/scout/src/scout_ros2/scout_base/src/scout_base_ros.cpp:10[m[K:
[6.879s] [01m[K/opt/ros/humble/include/rclcpp/rclcpp/node.hpp:366:3:[m[K [01;36m[Knote: [m[Kcandidate: â€˜[01m[Kconst rclcpp::ParameterValue& rclcpp::Node::declare_parameter(const string&, const rclcpp::ParameterValue&, const ParameterDescriptor&, bool)[m[Kâ€™
[6.879s]   366 |   [01;36m[Kdeclare_parameter[m[K(
[6.879s]       |   [01;36m[K^~~~~~~~~~~~~~~~~[m[K
[6.879s] [01m[K/opt/ros/humble/include/rclcpp/rclcpp/node.hpp:366:3:[m[K [01;36m[Knote: [m[K  candidate expects 4 arguments, 1 provided
[6.880s] [01m[K/opt/ros/humble/include/rclcpp/rclcpp/node.hpp:391:3:[m[K [01;36m[Knote: [m[Kcandidate: â€˜[01m[Kconst rclcpp::ParameterValue& rclcpp::Node::declare_parameter(const string&, rclcpp::ParameterType, const ParameterDescriptor&, bool)[m[Kâ€™
[6.880s]   391 |   [01;36m[Kdeclare_parameter[m[K(
[6.880s]       |   [01;36m[K^~~~~~~~~~~~~~~~~[m[K
[6.880s] [01m[K/opt/ros/humble/include/rclcpp/rclcpp/node.hpp:391:3:[m[K [01;36m[Knote: [m[K  candidate expects 4 arguments, 1 provided
[6.880s] [01m[K/mnt/nova_ssd/workspaces/scout/src/scout_ros2/scout_base/src/scout_base_ros.cpp:25:26:[m[K [01;31m[Kerror: [m[Kno matching function for call to â€˜[01m[Kwestonrobot::ScoutBaseRos::declare_parameter(const char [14])[m[Kâ€™
[6.880s]    25 |   [01;31m[Kthis->declare_parameter("is_omni_wheel")[m[K;
[6.880s]       |   [01;31m[K~~~~~~~~~~~~~~~~~~~~~~~^~~~~~~~~~~~~~~~~[m[K
[6.880s] In file included from [01m[K/opt/ros/humble/include/rclcpp/rclcpp/executors/single_threaded_executor.hpp:28[m[K,
[6.880s]                  from [01m[K/opt/ros/humble/include/rclcpp/rclcpp/executors.hpp:22[m[K,
[6.880s]                  from [01m[K/opt/ros/humble/include/rclcpp/rclcpp/rclcpp.hpp:155[m[K,
[6.880s]                  from [01m[K/mnt/nova_ssd/workspaces/scout/src/scout_ros2/scout_base/include/scout_base/scout_base_ros.hpp:16[m[K,
[6.880s]                  from [01m[K/mnt/nova_ssd/workspaces/scout/src/scout_ros2/scout_base/src/scout_base_ros.cpp:10[m[K:
[6.880s] [01m[K/opt/ros/humble/include/rclcpp/rclcpp/node.hpp:421:3:[m[K [01;36m[Knote: [m[Kcandidate: â€˜[01m[Ktemplate<class ParameterT> auto rclcpp::Node::declare_parameter(const string&, const ParameterT&, const ParameterDescriptor&, bool)[m[Kâ€™
[6.881s]   421 |   [01;36m[Kdeclare_parameter[m[K(
[6.881s]       |   [01;36m[K^~~~~~~~~~~~~~~~~[m[K
[6.881s] [01m[K/opt/ros/humble/include/rclcpp/rclcpp/node.hpp:421:3:[m[K [01;36m[Knote: [m[K  template argument deduction/substitution failed:
[6.881s] [01m[K/mnt/nova_ssd/workspaces/scout/src/scout_ros2/scout_base/src/scout_base_ros.cpp:25:26:[m[K [01;36m[Knote: [m[K  candidate expects 4 arguments, 1 provided
[6.881s]    25 |   [01;36m[Kthis->declare_parameter("is_omni_wheel")[m[K;
[6.881s]       |   [01;36m[K~~~~~~~~~~~~~~~~~~~~~~~^~~~~~~~~~~~~~~~~[m[K
[6.881s] In file included from [01m[K/opt/ros/humble/include/rclcpp/rclcpp/executors/single_threaded_executor.hpp:28[m[K,
[6.881s]                  from [01m[K/opt/ros/humble/include/rclcpp/rclcpp/executors.hpp:22[m[K,
[6.881s]                  from [01m[K/opt/ros/humble/include/rclcpp/rclcpp/rclcpp.hpp:155[m[K,
[6.881s]                  from [01m[K/mnt/nova_ssd/workspaces/scout/src/scout_ros2/scout_base/include/scout_base/scout_base_ros.hpp:16[m[K,
[6.881s]                  from [01m[K/mnt/nova_ssd/workspaces/scout/src/scout_ros2/scout_base/src/scout_base_ros.cpp:10[m[K:
[6.881s] [01m[K/opt/ros/humble/include/rclcpp/rclcpp/node.hpp:434:3:[m[K [01;36m[Knote: [m[Kcandidate: â€˜[01m[Ktemplate<class ParameterT> auto rclcpp::Node::declare_parameter(const string&, const ParameterDescriptor&, bool)[m[Kâ€™
[6.881s]   434 |   [01;36m[Kdeclare_parameter[m[K(
[6.882s]       |   [01;36m[K^~~~~~~~~~~~~~~~~[m[K
[6.882s] [01m[K/opt/ros/humble/include/rclcpp/rclcpp/node.hpp:434:3:[m[K [01;36m[Knote: [m[K  template argument deduction/substitution failed:
[6.882s] [01m[K/mnt/nova_ssd/workspaces/scout/src/scout_ros2/scout_base/src/scout_base_ros.cpp:25:26:[m[K [01;36m[Knote: [m[K  couldnâ€™t deduce template parameter â€˜[01m[KParameterT[m[Kâ€™
[6.882s]    25 |   [01;36m[Kthis->declare_parameter("is_omni_wheel")[m[K;
[6.882s]       |   [01;36m[K~~~~~~~~~~~~~~~~~~~~~~~^~~~~~~~~~~~~~~~~[m[K
[6.882s] In file included from [01m[K/opt/ros/humble/include/rclcpp/rclcpp/executors/single_threaded_executor.hpp:28[m[K,
[6.882s]                  from [01m[K/opt/ros/humble/include/rclcpp/rclcpp/executors.hpp:22[m[K,
[6.882s]                  from [01m[K/opt/ros/humble/include/rclcpp/rclcpp/rclcpp.hpp:155[m[K,
[6.882s]                  from [01m[K/mnt/nova_ssd/workspaces/scout/src/scout_ros2/scout_base/include/scout_base/scout_base_ros.hpp:16[m[K,
[6.882s]                  from [01m[K/mnt/nova_ssd/workspaces/scout/src/scout_ros2/scout_base/src/scout_base_ros.cpp:10[m[K:
[6.882s] [01m[K/opt/ros/humble/include/rclcpp/rclcpp/node.hpp:366:3:[m[K [01;36m[Knote: [m[Kcandidate: â€˜[01m[Kconst rclcpp::ParameterValue& rclcpp::Node::declare_parameter(const string&, const rclcpp::ParameterValue&, const ParameterDescriptor&, bool)[m[Kâ€™
[6.882s]   366 |   [01;36m[Kdeclare_parameter[m[K(
[6.882s]       |   [01;36m[K^~~~~~~~~~~~~~~~~[m[K
[6.883s] [01m[K/opt/ros/humble/include/rclcpp/rclcpp/node.hpp:366:3:[m[K [01;36m[Knote: [m[K  candidate expects 4 arguments, 1 provided
[6.883s] [01m[K/opt/ros/humble/include/rclcpp/rclcpp/node.hpp:391:3:[m[K [01;36m[Knote: [m[Kcandidate: â€˜[01m[Kconst rclcpp::ParameterValue& rclcpp::Node::declare_parameter(const string&, rclcpp::ParameterType, const ParameterDescriptor&, bool)[m[Kâ€™
[6.883s]   391 |   [01;36m[Kdeclare_parameter[m[K(
[6.883s]       |   [01;36m[K^~~~~~~~~~~~~~~~~[m[K
[6.883s] [01m[K/opt/ros/humble/include/rclcpp/rclcpp/node.hpp:391:3:[m[K [01;36m[Knote: [m[K  candidate expects 4 arguments, 1 provided
[6.883s] [01m[K/mnt/nova_ssd/workspaces/scout/src/scout_ros2/scout_base/src/scout_base_ros.cpp:27:26:[m[K [01;31m[Kerror: [m[Kno matching function for call to â€˜[01m[Kwestonrobot::ScoutBaseRos::declare_parameter(const char [16])[m[Kâ€™
[6.883s]    27 |   [01;31m[Kthis->declare_parameter("simulated_robot")[m[K;
[6.883s]       |   [01;31m[K~~~~~~~~~~~~~~~~~~~~~~~^~~~~~~~~~~~~~~~~~~[m[K
[6.883s] In file included from [01m[K/opt/ros/humble/include/rclcpp/rclcpp/executors/single_threaded_executor.hpp:28[m[K,
[6.883s]                  from [01m[K/opt/ros/humble/include/rclcpp/rclcpp/executors.hpp:22[m[K,
[6.883s]                  from [01m[K/opt/ros/humble/include/rclcpp/rclcpp/rclcpp.hpp:155[m[K,
[6.883s]                  from [01m[K/mnt/nova_ssd/workspaces/scout/src/scout_ros2/scout_base/include/scout_base/scout_base_ros.hpp:16[m[K,
[6.883s]                  from [01m[K/mnt/nova_ssd/workspaces/scout/src/scout_ros2/scout_base/src/scout_base_ros.cpp:10[m[K:
[6.884s] [01m[K/opt/ros/humble/include/rclcpp/rclcpp/node.hpp:421:3:[m[K [01;36m[Knote: [m[Kcandidate: â€˜[01m[Ktemplate<class ParameterT> auto rclcpp::Node::declare_parameter(const string&, const ParameterT&, const ParameterDescriptor&, bool)[m[Kâ€™
[6.884s]   421 |   [01;36m[Kdeclare_parameter[m[K(
[6.884s]       |   [01;36m[K^~~~~~~~~~~~~~~~~[m[K
[6.884s] [01m[K/opt/ros/humble/include/rclcpp/rclcpp/node.hpp:421:3:[m[K [01;36m[Knote: [m[K  template argument deduction/substitution failed:
[6.884s] [01m[K/mnt/nova_ssd/workspaces/scout/src/scout_ros2/scout_base/src/scout_base_ros.cpp:27:26:[m[K [01;36m[Knote: [m[K  candidate expects 4 arguments, 1 provided
[6.884s]    27 |   [01;36m[Kthis->declare_parameter("simulated_robot")[m[K;
[6.884s]       |   [01;36m[K~~~~~~~~~~~~~~~~~~~~~~~^~~~~~~~~~~~~~~~~~~[m[K
[6.884s] In file included from [01m[K/opt/ros/humble/include/rclcpp/rclcpp/executors/single_threaded_executor.hpp:28[m[K,
[6.884s]                  from [01m[K/opt/ros/humble/include/rclcpp/rclcpp/executors.hpp:22[m[K,
[6.884s]                  from [01m[K/opt/ros/humble/include/rclcpp/rclcpp/rclcpp.hpp:155[m[K,
[6.884s]                  from [01m[K/mnt/nova_ssd/workspaces/scout/src/scout_ros2/scout_base/include/scout_base/scout_base_ros.hpp:16[m[K,
[6.884s]                  from [01m[K/mnt/nova_ssd/workspaces/scout/src/scout_ros2/scout_base/src/scout_base_ros.cpp:10[m[K:
[6.885s] [01m[K/opt/ros/humble/include/rclcpp/rclcpp/node.hpp:434:3:[m[K [01;36m[Knote: [m[Kcandidate: â€˜[01m[Ktemplate<class ParameterT> auto rclcpp::Node::declare_parameter(const string&, const ParameterDescriptor&, bool)[m[Kâ€™
[6.885s]   434 |   [01;36m[Kdeclare_parameter[m[K(
[6.885s]       |   [01;36m[K^~~~~~~~~~~~~~~~~[m[K
[6.885s] [01m[K/opt/ros/humble/include/rclcpp/rclcpp/node.hpp:434:3:[m[K [01;36m[Knote: [m[K  template argument deduction/substitution failed:
[6.885s] [01m[K/mnt/nova_ssd/workspaces/scout/src/scout_ros2/scout_base/src/scout_base_ros.cpp:27:26:[m[K [01;36m[Knote: [m[K  couldnâ€™t deduce template parameter â€˜[01m[KParameterT[m[Kâ€™
[6.885s]    27 |   [01;36m[Kthis->declare_parameter("simulated_robot")[m[K;
[6.885s]       |   [01;36m[K~~~~~~~~~~~~~~~~~~~~~~~^~~~~~~~~~~~~~~~~~~[m[K
[6.885s] In file included from [01m[K/opt/ros/humble/include/rclcpp/rclcpp/executors/single_threaded_executor.hpp:28[m[K,
[6.885s]                  from [01m[K/opt/ros/humble/include/rclcpp/rclcpp/executors.hpp:22[m[K,
[6.885s]                  from [01m[K/opt/ros/humble/include/rclcpp/rclcpp/rclcpp.hpp:155[m[K,
[6.885s]                  from [01m[K/mnt/nova_ssd/workspaces/scout/src/scout_ros2/scout_base/include/scout_base/scout_base_ros.hpp:16[m[K,
[6.885s]                  from [01m[K/mnt/nova_ssd/workspaces/scout/src/scout_ros2/scout_base/src/scout_base_ros.cpp:10[m[K:
[6.885s] [01m[K/opt/ros/humble/include/rclcpp/rclcpp/node.hpp:366:3:[m[K [01;36m[Knote: [m[Kcandidate: â€˜[01m[Kconst rclcpp::ParameterValue& rclcpp::Node::declare_parameter(const string&, const rclcpp::ParameterValue&, const ParameterDescriptor&, bool)[m[Kâ€™
[6.886s]   366 |   [01;36m[Kdeclare_parameter[m[K(
[6.886s]       |   [01;36m[K^~~~~~~~~~~~~~~~~[m[K
[6.886s] [01m[K/opt/ros/humble/include/rclcpp/rclcpp/node.hpp:366:3:[m[K [01;36m[Knote: [m[K  candidate expects 4 arguments, 1 provided
[6.886s] [01m[K/opt/ros/humble/include/rclcpp/rclcpp/node.hpp:391:3:[m[K [01;36m[Knote: [m[Kcandidate: â€˜[01m[Kconst rclcpp::ParameterValue& rclcpp::Node::declare_parameter(const string&, rclcpp::ParameterType, const ParameterDescriptor&, bool)[m[Kâ€™
[6.886s]   391 |   [01;36m[Kdeclare_parameter[m[K(
[6.886s]       |   [01;36m[K^~~~~~~~~~~~~~~~~[m[K
[6.886s] [01m[K/opt/ros/humble/include/rclcpp/rclcpp/node.hpp:391:3:[m[K [01;36m[Knote: [m[K  candidate expects 4 arguments, 1 provided
[6.886s] [01m[K/mnt/nova_ssd/workspaces/scout/src/scout_ros2/scout_base/src/scout_base_ros.cpp:28:26:[m[K [01;31m[Kerror: [m[Kno matching function for call to â€˜[01m[Kwestonrobot::ScoutBaseRos::declare_parameter(const char [13])[m[Kâ€™
[6.886s]    28 |   [01;31m[Kthis->declare_parameter("control_rate")[m[K;
[6.886s]       |   [01;31m[K~~~~~~~~~~~~~~~~~~~~~~~^~~~~~~~~~~~~~~~[m[K
[6.886s] In file included from [01m[K/opt/ros/humble/include/rclcpp/rclcpp/executors/single_threaded_executor.hpp:28[m[K,
[6.886s]                  from [01m[K/opt/ros/humble/include/rclcpp/rclcpp/executors.hpp:22[m[K,
[6.886s]                  from [01m[K/opt/ros/humble/include/rclcpp/rclcpp/rclcpp.hpp:155[m[K,
[6.887s]                  from [01m[K/mnt/nova_ssd/workspaces/scout/src/scout_ros2/scout_base/include/scout_base/scout_base_ros.hpp:16[m[K,
[6.887s]                  from [01m[K/mnt/nova_ssd/workspaces/scout/src/scout_ros2/scout_base/src/scout_base_ros.cpp:10[m[K:
[6.887s] [01m[K/opt/ros/humble/include/rclcpp/rclcpp/node.hpp:421:3:[m[K [01;36m[Knote: [m[Kcandidate: â€˜[01m[Ktemplate<class ParameterT> auto rclcpp::Node::declare_parameter(const string&, const ParameterT&, const ParameterDescriptor&, bool)[m[Kâ€™
[6.887s]   421 |   [01;36m[Kdeclare_parameter[m[K(
[6.887s]       |   [01;36m[K^~~~~~~~~~~~~~~~~[m[K
[6.887s] [01m[K/opt/ros/humble/include/rclcpp/rclcpp/node.hpp:421:3:[m[K [01;36m[Knote: [m[K  template argument deduction/substitution failed:
[6.887s] [01m[K/mnt/nova_ssd/workspaces/scout/src/scout_ros2/scout_base/src/scout_base_ros.cpp:28:26:[m[K [01;36m[Knote: [m[K  candidate expects 4 arguments, 1 provided
[6.887s]    28 |   [01;36m[Kthis->declare_parameter("control_rate")[m[K;
[6.887s]       |   [01;36m[K~~~~~~~~~~~~~~~~~~~~~~~^~~~~~~~~~~~~~~~[m[K
[6.887s] In file included from [01m[K/opt/ros/humble/include/rclcpp/rclcpp/executors/single_threaded_executor.hpp:28[m[K,
[6.887s]                  from [01m[K/opt/ros/humble/include/rclcpp/rclcpp/executors.hpp:22[m[K,
[6.887s]                  from [01m[K/opt/ros/humble/include/rclcpp/rclcpp/rclcpp.hpp:155[m[K,
[6.887s]                  from [01m[K/mnt/nova_ssd/workspaces/scout/src/scout_ros2/scout_base/include/scout_base/scout_base_ros.hpp:16[m[K,
[6.888s]                  from [01m[K/mnt/nova_ssd/workspaces/scout/src/scout_ros2/scout_base/src/scout_base_ros.cpp:10[m[K:
[6.888s] [01m[K/opt/ros/humble/include/rclcpp/rclcpp/node.hpp:434:3:[m[K [01;36m[Knote: [m[Kcandidate: â€˜[01m[Ktemplate<class ParameterT> auto rclcpp::Node::declare_parameter(const string&, const ParameterDescriptor&, bool)[m[Kâ€™
[6.888s]   434 |   [01;36m[Kdeclare_parameter[m[K(
[6.888s]       |   [01;36m[K^~~~~~~~~~~~~~~~~[m[K
[6.888s] [01m[K/opt/ros/humble/include/rclcpp/rclcpp/node.hpp:434:3:[m[K [01;36m[Knote: [m[K  template argument deduction/substitution failed:
[6.888s] [01m[K/mnt/nova_ssd/workspaces/scout/src/scout_ros2/scout_base/src/scout_base_ros.cpp:28:26:[m[K [01;36m[Knote: [m[K  couldnâ€™t deduce template parameter â€˜[01m[KParameterT[m[Kâ€™
[6.888s]    28 |   [01;36m[Kthis->declare_parameter("control_rate")[m[K;
[6.888s]       |   [01;36m[K~~~~~~~~~~~~~~~~~~~~~~~^~~~~~~~~~~~~~~~[m[K
[6.888s] In file included from [01m[K/opt/ros/humble/include/rclcpp/rclcpp/executors/single_threaded_executor.hpp:28[m[K,
[6.888s]                  from [01m[K/opt/ros/humble/include/rclcpp/rclcpp/executors.hpp:22[m[K,
[6.888s]                  from [01m[K/opt/ros/humble/include/rclcpp/rclcpp/rclcpp.hpp:155[m[K,
[6.888s]                  from [01m[K/mnt/nova_ssd/workspaces/scout/src/scout_ros2/scout_base/include/scout_base/scout_base_ros.hpp:16[m[K,
[6.888s]                  from [01m[K/mnt/nova_ssd/workspaces/scout/src/scout_ros2/scout_base/src/scout_base_ros.cpp:10[m[K:
[6.889s] [01m[K/opt/ros/humble/include/rclcpp/rclcpp/node.hpp:366:3:[m[K [01;36m[Knote: [m[Kcandidate: â€˜[01m[Kconst rclcpp::ParameterValue& rclcpp::Node::declare_parameter(const string&, const rclcpp::ParameterValue&, const ParameterDescriptor&, bool)[m[Kâ€™
[6.889s]   366 |   [01;36m[Kdeclare_parameter[m[K(
[6.889s]       |   [01;36m[K^~~~~~~~~~~~~~~~~[m[K
[6.889s] [01m[K/opt/ros/humble/include/rclcpp/rclcpp/node.hpp:366:3:[m[K [01;36m[Knote: [m[K  candidate expects 4 arguments, 1 provided
[6.889s] [01m[K/opt/ros/humble/include/rclcpp/rclcpp/node.hpp:391:3:[m[K [01;36m[Knote: [m[Kcandidate: â€˜[01m[Kconst rclcpp::ParameterValue& rclcpp::Node::declare_parameter(const string&, rclcpp::ParameterType, const ParameterDescriptor&, bool)[m[Kâ€™
[6.889s]   391 |   [01;36m[Kdeclare_parameter[m[K(
[6.889s]       |   [01;36m[K^~~~~~~~~~~~~~~~~[m[K
[6.889s] [01m[K/opt/ros/humble/include/rclcpp/rclcpp/node.hpp:391:3:[m[K [01;36m[Knote: [m[K  candidate expects 4 arguments, 1 provided
[12.753s] gmake[2]: *** [CMakeFiles/scout_base_node.dir/build.make:76: CMakeFiles/scout_base_node.dir/src/scout_base_ros.cpp.o] Error 1
[12.754s] gmake[1]: *** [CMakeFiles/Makefile2:137: CMakeFiles/scout_base_node.dir/all] Error 2
[12.754s] gmake: *** [Makefile:146: all] Error 2
[12.759s] Invoked command in '/mnt/nova_ssd/workspaces/scout/build/scout_base' returned '2': AMENT_PREFIX_PATH=/mnt/nova_ssd/workspaces/scout/install/scout_msgs:${AMENT_PREFIX_PATH} CMAKE_PREFIX_PATH=/opt/ros/humble:/mnt/nova_ssd/workspaces/scout/install/ugv_sdk:/mnt/nova_ssd/workspaces/scout/install/scout_msgs LD_LIBRARY_PATH=/mnt/nova_ssd/workspaces/scout/install/scout_msgs/lib:${LD_LIBRARY_PATH} PKG_CONFIG_PATH=/mnt/nova_ssd/workspaces/scout/install/ugv_sdk/lib/aarch64-linux-gnu/pkgconfig:/mnt/nova_ssd/workspaces/scout/install/ugv_sdk/lib/pkgconfig PYTHONPATH=/mnt/nova_ssd/workspaces/scout/install/scout_msgs/local/lib/python3.10/dist-packages:${PYTHONPATH} ROS_PACKAGE_PATH=/mnt/nova_ssd/workspaces/scout/install/ugv_sdk/share /usr/bin/cmake --build /mnt/nova_ssd/workspaces/scout/build/scout_base -- -j12 -l12
