[35m[1mConsolidate compiler generated dependencies of target dwa_main[0m
[35m[1mConsolidate compiler generated dependencies of target dstar_main[0m
[ 25%] [32mBuilding CXX object CMakeFiles/dwa_main.dir/src/dwa_main.cpp.o[0m
[ 75%] Built target dstar_main
In file included from [01m[K/mnt/nova_ssd/workspaces/navigation/src/dstar_main/src/dwa_main.cpp:1[m[K:
[01m[K/mnt/nova_ssd/workspaces/navigation/src/dstar_main/include/dwa_main/dwa_main.h:41:47:[m[K [01;31m[Kerror: [m[Kâ€˜[01m[KTwist[m[Kâ€™ is not a member of â€˜[01m[Kgeometry_msgs::msg[m[Kâ€™; did you mean â€˜[01m[KKDL::Twist[m[Kâ€™?
   41 |         rclcpp::Publisher<geometry_msgs::msg::[01;31m[KTwist[m[K>::SharedPtr cmd_vel_pub;
      |                                               [01;31m[K^~~~~[m[K
In file included from [01m[K/opt/ros/humble/include/tf2_geometry_msgs/tf2_geometry_msgs/tf2_geometry_msgs.hpp:53[m[K,
                 from [01m[K/mnt/nova_ssd/workspaces/navigation/src/dstar_main/include/dwa_main/dwa_main.h:14[m[K,
                 from [01m[K/mnt/nova_ssd/workspaces/navigation/src/dstar_main/src/dwa_main.cpp:1[m[K:
[01m[K/usr/include/kdl/frames.hpp:720:7:[m[K [01;36m[Knote: [m[Kâ€˜[01m[KKDL::Twist[m[Kâ€™ declared here
  720 | class [01;36m[KTwist[m[K {
      |       [01;36m[K^~~~~[m[K
In file included from [01m[K/mnt/nova_ssd/workspaces/navigation/src/dstar_main/src/dwa_main.cpp:1[m[K:
[01m[K/mnt/nova_ssd/workspaces/navigation/src/dstar_main/include/dwa_main/dwa_main.h:41:52:[m[K [01;31m[Kerror: [m[Ktemplate argument 1 is invalid
   41 |         rclcpp::Publisher<geometry_msgs::msg::Twist[01;31m[K>[m[K::SharedPtr cmd_vel_pub;
      |                                                    [01;31m[K^[m[K
[01m[K/mnt/nova_ssd/workspaces/navigation/src/dstar_main/include/dwa_main/dwa_main.h:41:55:[m[K [01;31m[Kerror: [m[Kexpected â€˜[01m[K;[m[Kâ€™ at end of member declaration
   41 |         rclcpp::Publisher<geometry_msgs::msg::Twist>::[01;31m[KSharedPtr[m[K cmd_vel_pub;
      |                                                       [01;31m[K^~~~~~~~~[m[K
      |                                                                [32m[K;[m[K
[01m[K/mnt/nova_ssd/workspaces/navigation/src/dstar_main/include/dwa_main/dwa_main.h:41:65:[m[K [01;31m[Kerror: [m[Kâ€˜[01m[Kcmd_vel_pub[m[Kâ€™ does not name a type
   41 |         rclcpp::Publisher<geometry_msgs::msg::Twist>::SharedPtr [01;31m[Kcmd_vel_pub[m[K;
      |                                                                 [01;31m[K^~~~~~~~~~~[m[K
In file included from [01m[K/mnt/nova_ssd/workspaces/navigation/src/dstar_main/src/dwa_main.cpp:1[m[K:
[01m[K/mnt/nova_ssd/workspaces/navigation/src/dstar_main/include/dwa_main/dwa_main.h:68:9:[m[K [01;31m[Kerror: [m[Kâ€˜[01m[Kvector[m[Kâ€™ does not name a type
   68 |         [01;31m[Kvector[m[K<Position> get_trajectory(Position robot_position, Velocity robot_velocity);
      |         [01;31m[K^~~~~~[m[K
[01m[K/mnt/nova_ssd/workspaces/navigation/src/dstar_main/include/dwa_main/dwa_main.h:69:36:[m[K [01;31m[Kerror: [m[Kâ€˜[01m[Kvector[m[Kâ€™ has not been declared
   69 |         double evaluate_trajectory([01;31m[Kvector[m[K<Position> trajectory);
      |                                    [01;31m[K^~~~~~[m[K
[01m[K/mnt/nova_ssd/workspaces/navigation/src/dstar_main/include/dwa_main/dwa_main.h:69:42:[m[K [01;31m[Kerror: [m[Kexpected â€˜[01m[K,[m[Kâ€™ or â€˜[01m[K...[m[Kâ€™ before â€˜[01m[K<[m[Kâ€™ token
   69 |         double evaluate_trajectory(vector[01;31m[K<[m[KPosition> trajectory);
      |                                          [01;31m[K^[m[K
[01m[K/mnt/nova_ssd/workspaces/navigation/src/dstar_main/src/dwa_main.cpp:[m[K In constructor â€˜[01m[KdwaNode::dwaNode()[m[Kâ€™:
[01m[K/mnt/nova_ssd/workspaces/navigation/src/dstar_main/src/dwa_main.cpp:11:43:[m[K [01;31m[Kerror: [m[Kâ€˜[01m[Kpath_topic[m[Kâ€™ was not declared in this scope; did you mean â€˜[01m[Kpath_copy[m[Kâ€™?
   11 |     if(!this->get_parameter("path_topic", [01;31m[Kpath_topic[m[K)){
      |                                           [01;31m[K^~~~~~~~~~[m[K
      |                                           [32m[Kpath_copy[m[K
[01m[K/mnt/nova_ssd/workspaces/navigation/src/dstar_main/src/dwa_main.cpp:76:27:[m[K [01;31m[Kerror: [m[Kexpression in new-declarator must have integral or enumeration type
   76 |     costmap = new double*[[01;31m[Kmap_width[m[K];
      |                           [01;31m[K^~~~~~~~~[m[K
[01m[K/mnt/nova_ssd/workspaces/navigation/src/dstar_main/src/dwa_main.cpp:78:33:[m[K [01;31m[Kerror: [m[Kexpression in new-declarator must have integral or enumeration type
   78 |         costmap[i] = new double[[01;31m[Kmap_height[m[K];
      |                                 [01;31m[K^~~~~~~~~~[m[K
[01m[K/mnt/nova_ssd/workspaces/navigation/src/dstar_main/src/dwa_main.cpp:86:63:[m[K [01;31m[Kerror: [m[Kâ€˜[01m[Kpath_topic[m[Kâ€™ was not declared in this scope; did you mean â€˜[01m[Kpath_copy[m[Kâ€™?
   86 |     path_sub = this->create_subscription<nav_msgs::msg::Path>([01;31m[Kpath_topic[m[K, 10, std::bind(&dwaNode::path_callback, this, std::placeholders::_1));
      |                                                               [01;31m[K^~~~~~~~~~[m[K
      |                                                               [32m[Kpath_copy[m[K
[01m[K/mnt/nova_ssd/workspaces/navigation/src/dstar_main/src/dwa_main.cpp:87:5:[m[K [01;31m[Kerror: [m[Kâ€˜[01m[Kcmd_vel_pub[m[Kâ€™ was not declared in this scope; did you mean â€˜[01m[Kcmd_vel_topic[m[Kâ€™?
   87 |     [01;31m[Kcmd_vel_pub[m[K = this->create_publisher<geometry_msgs::msg::Twist>(cmd_vel_topic, 10);
      |     [01;31m[K^~~~~~~~~~~[m[K
      |     [32m[Kcmd_vel_topic[m[K
[01m[K/mnt/nova_ssd/workspaces/navigation/src/dstar_main/src/dwa_main.cpp:87:62:[m[K [01;31m[Kerror: [m[Kâ€˜[01m[KTwist[m[Kâ€™ is not a member of â€˜[01m[Kgeometry_msgs::msg[m[Kâ€™; did you mean â€˜[01m[KKDL::Twist[m[Kâ€™?
   87 |     cmd_vel_pub = this->create_publisher<geometry_msgs::msg::[01;31m[KTwist[m[K>(cmd_vel_topic, 10);
      |                                                              [01;31m[K^~~~~[m[K
In file included from [01m[K/opt/ros/humble/include/tf2_geometry_msgs/tf2_geometry_msgs/tf2_geometry_msgs.hpp:53[m[K,
                 from [01m[K/mnt/nova_ssd/workspaces/navigation/src/dstar_main/include/dwa_main/dwa_main.h:14[m[K,
                 from [01m[K/mnt/nova_ssd/workspaces/navigation/src/dstar_main/src/dwa_main.cpp:1[m[K:
[01m[K/usr/include/kdl/frames.hpp:720:7:[m[K [01;36m[Knote: [m[Kâ€˜[01m[KKDL::Twist[m[Kâ€™ declared here
  720 | class [01;36m[KTwist[m[K {
      |       [01;36m[K^~~~~[m[K
[01m[K/mnt/nova_ssd/workspaces/navigation/src/dstar_main/src/dwa_main.cpp:87:68:[m[K [01;31m[Kerror: [m[Kno matching function for call to â€˜[01m[KdwaNode::create_publisher<<expression error> >(std::string&, int)[m[Kâ€™
   87 |     cmd_vel_pub = [01;31m[Kthis->create_publisher<geometry_msgs::msg::Twist>(cmd_vel_topic, 10)[m[K;
      |                   [01;31m[K~~~~~~~~~~~~~~~~~~~~~~~~~~~~~~~~~~~~~~~~~~~~~~~~~^~~~~~~~~~~~~~~~~~~[m[K
In file included from [01m[K/opt/ros/humble/include/rclcpp/rclcpp/executors/single_threaded_executor.hpp:28[m[K,
                 from [01m[K/opt/ros/humble/include/rclcpp/rclcpp/executors.hpp:22[m[K,
                 from [01m[K/opt/ros/humble/include/rclcpp/rclcpp/rclcpp.hpp:155[m[K,
                 from [01m[K/mnt/nova_ssd/workspaces/navigation/src/dstar_main/include/dwa_main/dwa_main.h:4[m[K,
                 from [01m[K/mnt/nova_ssd/workspaces/navigation/src/dstar_main/src/dwa_main.cpp:1[m[K:
[01m[K/opt/ros/humble/include/rclcpp/rclcpp/node.hpp:195:3:[m[K [01;36m[Knote: [m[Kcandidate: â€˜[01m[Ktemplate<class MessageT, class AllocatorT, class PublisherT> std::shared_ptr<PublisherT> rclcpp::Node::create_publisher(const string&, const rclcpp::QoS&, const rclcpp::PublisherOptionsWithAllocator<AllocatorT>&)[m[Kâ€™
  195 |   [01;36m[Kcreate_publisher[m[K(
      |   [01;36m[K^~~~~~~~~~~~~~~~[m[K
[01m[K/opt/ros/humble/include/rclcpp/rclcpp/node.hpp:195:3:[m[K [01;36m[Knote: [m[K  template argument deduction/substitution failed:
[01m[K/mnt/nova_ssd/workspaces/navigation/src/dstar_main/src/dwa_main.cpp:87:68:[m[K [01;31m[Kerror: [m[Ktemplate argument 1 is invalid
   87 |     cmd_vel_pub = [01;31m[Kthis->create_publisher<geometry_msgs::msg::Twist>(cmd_vel_topic, 10)[m[K;
      |                   [01;31m[K~~~~~~~~~~~~~~~~~~~~~~~~~~~~~~~~~~~~~~~~~~~~~~~~~^~~~~~~~~~~~~~~~~~~[m[K
[01m[K/mnt/nova_ssd/workspaces/navigation/src/dstar_main/src/dwa_main.cpp:[m[K In member function â€˜[01m[Kgeometry_msgs::msg::Point dwaNode::transformPoint(const Point&, const string&, const string&, geometry_msgs::msg::TransformStamped)[m[Kâ€™:
[01m[K/mnt/nova_ssd/workspaces/navigation/src/dstar_main/src/dwa_main.cpp:110:110:[m[K [01;35m[Kwarning: [m[Kunused parameter â€˜[01m[Ktarget_frame[m[Kâ€™ [[01;35m[K]8;;https://gcc.gnu.org/onlinedocs/gcc/Warning-Options.html#index-Wunused-parameter-Wunused-parameter]8;;[m[K]
  110 | geometry_msgs::msg::Point dwaNode::transformPoint(const geometry_msgs::msg::Point& point, [01;35m[Kconst std::string& target_frame[m[K, const std::string& source_frame, geometry_msgs::msg::TransformStamped transformStamped) {
      |                                                                                           [01;35m[K~~~~~~~~~~~~~~~~~~~^~~~~~~~~~~~[m[K
[01m[K/mnt/nova_ssd/workspaces/navigation/src/dstar_main/src/dwa_main.cpp:[m[K In member function â€˜[01m[Kvoid dwaNode::dwa_callback()[m[Kâ€™:
[01m[K/mnt/nova_ssd/workspaces/navigation/src/dstar_main/src/dwa_main.cpp:143:18:[m[K [01;31m[Kerror: [m[Kvariable â€˜[01m[KdwaNode::Position robot_position[m[Kâ€™ has initializer but incomplete type
  143 |         Position [01;31m[Krobot_position[m[K = get_current_position();
      |                  [01;31m[K^~~~~~~~~~~~~~[m[K
[01m[K/mnt/nova_ssd/workspaces/navigation/src/dstar_main/src/dwa_main.cpp:143:55:[m[K [01;31m[Kerror: [m[Kinvalid use of incomplete type â€˜[01m[Kstruct dwaNode::Position[m[Kâ€™
  143 |         Position robot_position = [01;31m[Kget_current_position()[m[K;
      |                                   [01;31m[K~~~~~~~~~~~~~~~~~~~~^~[m[K
In file included from [01m[K/mnt/nova_ssd/workspaces/navigation/src/dstar_main/src/dwa_main.cpp:1[m[K:
[01m[K/mnt/nova_ssd/workspaces/navigation/src/dstar_main/include/dwa_main/dwa_main.h:61:16:[m[K [01;36m[Knote: [m[Kforward declaration of â€˜[01m[Kstruct dwaNode::Position[m[Kâ€™
   61 |         struct [01;36m[KPosition[m[K;
      |                [01;36m[K^~~~~~~~[m[K
[01m[K/mnt/nova_ssd/workspaces/navigation/src/dstar_main/src/dwa_main.cpp:144:9:[m[K [01;31m[Kerror: [m[Kâ€˜[01m[KPoint[m[Kâ€™ was not declared in this scope; did you mean â€˜[01m[Kgeometry_msgs::msg::Point[m[Kâ€™?
  144 |         [01;31m[KPoint[m[K goal = solve_path();
      |         [01;31m[K^~~~~[m[K
      |         [32m[Kgeometry_msgs::msg::Point[m[K
In file included from [01m[K/opt/ros/humble/include/geometry_msgs/geometry_msgs/msg/detail/pose__struct.hpp:20[m[K,
                 from [01m[K/opt/ros/humble/include/nav_msgs/nav_msgs/msg/detail/map_meta_data__struct.hpp:22[m[K,
                 from [01m[K/opt/ros/humble/include/nav_msgs/nav_msgs/msg/detail/occupancy_grid__struct.hpp:22[m[K,
                 from [01m[K/opt/ros/humble/include/nav_msgs/nav_msgs/msg/occupancy_grid.hpp:7[m[K,
                 from [01m[K/mnt/nova_ssd/workspaces/navigation/src/dstar_main/include/dwa_main/dwa_main.h:5[m[K,
                 from [01m[K/mnt/nova_ssd/workspaces/navigation/src/dstar_main/src/dwa_main.cpp:1[m[K:
[01m[K/opt/ros/humble/include/geometry_msgs/geometry_msgs/msg/detail/point__struct.hpp:150:7:[m[K [01;36m[Knote: [m[Kâ€˜[01m[Kgeometry_msgs::msg::Point[m[Kâ€™ declared here
  150 | using [01;36m[KPoint[m[K =
      |       [01;36m[K^~~~~[m[K
[01m[K/mnt/nova_ssd/workspaces/navigation/src/dstar_main/src/dwa_main.cpp:145:18:[m[K [01;31m[Kerror: [m[Kvariable â€˜[01m[KdwaNode::Velocity best_velocity[m[Kâ€™ has initializer but incomplete type
  145 |         Velocity [01;31m[Kbest_velocity[m[K = find_best_velocity(robot_position, goal);
      |                  [01;31m[K^~~~~~~~~~~~~[m[K
[01m[K/mnt/nova_ssd/workspaces/navigation/src/dstar_main/src/dwa_main.cpp:145:69:[m[K [01;31m[Kerror: [m[Kâ€˜[01m[Kgoal[m[Kâ€™ was not declared in this scope
  145 |         Velocity best_velocity = find_best_velocity(robot_position, [01;31m[Kgoal[m[K);
      |                                                                     [01;31m[K^~~~[m[K
[01m[K/mnt/nova_ssd/workspaces/navigation/src/dstar_main/src/dwa_main.cpp:146:29:[m[K [01;31m[Kerror: [m[Kâ€˜[01m[KTwist[m[Kâ€™ is not a member of â€˜[01m[Kgeometry_msgs::msg[m[Kâ€™; did you mean â€˜[01m[KKDL::Twist[m[Kâ€™?
  146 |         geometry_msgs::msg::[01;31m[KTwist[m[K cmd_vel;
      |                             [01;31m[K^~~~~[m[K
In file included from [01m[K/opt/ros/humble/include/tf2_geometry_msgs/tf2_geometry_msgs/tf2_geometry_msgs.hpp:53[m[K,
                 from [01m[K/mnt/nova_ssd/workspaces/navigation/src/dstar_main/include/dwa_main/dwa_main.h:14[m[K,
                 from [01m[K/mnt/nova_ssd/workspaces/navigation/src/dstar_main/src/dwa_main.cpp:1[m[K:
[01m[K/usr/include/kdl/frames.hpp:720:7:[m[K [01;36m[Knote: [m[Kâ€˜[01m[KKDL::Twist[m[Kâ€™ declared here
  720 | class [01;36m[KTwist[m[K {
      |       [01;36m[K^~~~~[m[K
[01m[K/mnt/nova_ssd/workspaces/navigation/src/dstar_main/src/dwa_main.cpp:147:9:[m[K [01;31m[Kerror: [m[Kâ€˜[01m[Kcmd_vel[m[Kâ€™ was not declared in this scope
  147 |         [01;31m[Kcmd_vel[m[K.linear.x = best_velocity.v;
      |         [01;31m[K^~~~~~~[m[K
[01m[K/mnt/nova_ssd/workspaces/navigation/src/dstar_main/src/dwa_main.cpp:149:9:[m[K [01;31m[Kerror: [m[Kâ€˜[01m[Kcmd_vel_pub[m[Kâ€™ was not declared in this scope; did you mean â€˜[01m[Kcmd_vel_topic[m[Kâ€™?
  149 |         [01;31m[Kcmd_vel_pub[m[K->publish(cmd_vel);
      |         [01;31m[K^~~~~~~~~~~[m[K
      |         [32m[Kcmd_vel_topic[m[K
[01m[K/mnt/nova_ssd/workspaces/navigation/src/dstar_main/src/dwa_main.cpp:[m[K At global scope:
[01m[K/mnt/nova_ssd/workspaces/navigation/src/dstar_main/src/dwa_main.cpp:156:56:[m[K [01;31m[Kerror: [m[Kâ€˜[01m[Krobot_position[m[Kâ€™ has incomplete type
  156 | dwaNode::Velocity dwaNode::find_best_velocity([01;31m[KPosition robot_position[m[K, Position goal_position){
      |                                               [01;31m[K~~~~~~~~~^~~~~~~~~~~~~~[m[K
In file included from [01m[K/mnt/nova_ssd/workspaces/navigation/src/dstar_main/src/dwa_main.cpp:1[m[K:
[01m[K/mnt/nova_ssd/workspaces/navigation/src/dstar_main/include/dwa_main/dwa_main.h:61:16:[m[K [01;36m[Knote: [m[Kforward declaration of â€˜[01m[Kstruct dwaNode::Position[m[Kâ€™
   61 |         struct [01;36m[KPosition[m[K;
      |                [01;36m[K^~~~~~~~[m[K
[01m[K/mnt/nova_ssd/workspaces/navigation/src/dstar_main/src/dwa_main.cpp:156:81:[m[K [01;31m[Kerror: [m[Kâ€˜[01m[Kgoal_position[m[Kâ€™ has incomplete type
  156 | dwaNode::Velocity dwaNode::find_best_velocity(Position robot_position, [01;31m[KPosition goal_position[m[K){
      |                                                                        [01;31m[K~~~~~~~~~^~~~~~~~~~~~~[m[K
In file included from [01m[K/mnt/nova_ssd/workspaces/navigation/src/dstar_main/src/dwa_main.cpp:1[m[K:
[01m[K/mnt/nova_ssd/workspaces/navigation/src/dstar_main/include/dwa_main/dwa_main.h:61:16:[m[K [01;36m[Knote: [m[Kforward declaration of â€˜[01m[Kstruct dwaNode::Position[m[Kâ€™
   61 |         struct [01;36m[KPosition[m[K;
      |                [01;36m[K^~~~~~~~[m[K
[01m[K/mnt/nova_ssd/workspaces/navigation/src/dstar_main/src/dwa_main.cpp:156:94:[m[K [01;31m[Kerror: [m[Kreturn type â€˜[01m[Kstruct dwaNode::Velocity[m[Kâ€™ is incomplete
  156 | dwaNode::Velocity dwaNode::find_best_velocity(Position robot_position, Position goal_position[01;31m[K)[m[K{
      |                                                                                              [01;31m[K^[m[K
[01m[K/mnt/nova_ssd/workspaces/navigation/src/dstar_main/src/dwa_main.cpp:[m[K In member function â€˜[01m[Kvoid dwaNode::find_best_velocity(dwaNode::Position, dwaNode::Position)[m[Kâ€™:
[01m[K/mnt/nova_ssd/workspaces/navigation/src/dstar_main/src/dwa_main.cpp:158:14:[m[K [01;31m[Kerror: [m[Kaggregate â€˜[01m[KdwaNode::Velocity best_velocity[m[Kâ€™ has incomplete type and cannot be defined
  158 |     Velocity [01;31m[Kbest_velocity[m[K;
      |              [01;31m[K^~~~~~~~~~~~~[m[K
[01m[K/mnt/nova_ssd/workspaces/navigation/src/dstar_main/src/dwa_main.cpp:161:22:[m[K [01;31m[Kerror: [m[Kaggregate â€˜[01m[KdwaNode::Velocity velocity[m[Kâ€™ has incomplete type and cannot be defined
  161 |             Velocity [01;31m[Kvelocity[m[K;
      |                      [01;31m[K^~~~~~~~[m[K
[01m[K/mnt/nova_ssd/workspaces/navigation/src/dstar_main/src/dwa_main.cpp:164:13:[m[K [01;31m[Kerror: [m[Kâ€˜[01m[Kvector[m[Kâ€™ was not declared in this scope
  164 |             [01;31m[Kvector[m[K<Position> trajectory = get_trajectory(robot_position, velocity);
      |             [01;31m[K^~~~~~[m[K
[01m[K/mnt/nova_ssd/workspaces/navigation/src/dstar_main/src/dwa_main.cpp:164:13:[m[K [01;36m[Knote: [m[Ksuggested alternatives:
In file included from [01m[K/usr/include/c++/11/vector:67[m[K,
                 from [01m[K/usr/include/c++/11/functional:62[m[K,
                 from [01m[K/usr/include/c++/11/pstl/glue_algorithm_defs.h:13[m[K,
                 from [01m[K/usr/include/c++/11/algorithm:74[m[K,
                 from [01m[K/opt/ros/humble/include/rclcpp/rclcpp/executor.hpp:18[m[K,
                 from [01m[K/opt/ros/humble/include/rclcpp/rclcpp/executors/multi_threaded_executor.hpp:25[m[K,
                 from [01m[K/opt/ros/humble/include/rclcpp/rclcpp/executors.hpp:21[m[K,
                 from [01m[K/opt/ros/humble/include/rclcpp/rclcpp/rclcpp.hpp:155[m[K,
                 from [01m[K/mnt/nova_ssd/workspaces/navigation/src/dstar_main/include/dwa_main/dwa_main.h:4[m[K,
                 from [01m[K/mnt/nova_ssd/workspaces/navigation/src/dstar_main/src/dwa_main.cpp:1[m[K:
[01m[K/usr/include/c++/11/bits/stl_vector.h:389:11:[m[K [01;36m[Knote: [m[K  â€˜[01m[Kstd::vector[m[Kâ€™
  389 |     class [01;36m[Kvector[m[K : protected _Vector_base<_Tp, _Alloc>
      |           [01;36m[K^~~~~~[m[K
In file included from [01m[K/usr/include/c++/11/functional:62[m[K,
                 from [01m[K/usr/include/c++/11/pstl/glue_algorithm_defs.h:13[m[K,
                 from [01m[K/usr/include/c++/11/algorithm:74[m[K,
                 from [01m[K/opt/ros/humble/include/rclcpp/rclcpp/executor.hpp:18[m[K,
                 from [01m[K/opt/ros/humble/include/rclcpp/rclcpp/executors/multi_threaded_executor.hpp:25[m[K,
                 from [01m[K/opt/ros/humble/include/rclcpp/rclcpp/executors.hpp:21[m[K,
                 from [01m[K/opt/ros/humble/include/rclcpp/rclcpp/rclcpp.hpp:155[m[K,
                 from [01m[K/mnt/nova_ssd/workspaces/navigation/src/dstar_main/include/dwa_main/dwa_main.h:4[m[K,
                 from [01m[K/mnt/nova_ssd/workspaces/navigation/src/dstar_main/src/dwa_main.cpp:1[m[K:
[01m[K/usr/include/c++/11/vector:86:13:[m[K [01;36m[Knote: [m[K  â€˜[01m[Kstd::pmr::vector[m[Kâ€™
   86 |       using [01;36m[Kvector[m[K = std::vector<_Tp, polymorphic_allocator<_Tp>>;
      |             [01;36m[K^~~~~~[m[K
In file included from [01m[K/usr/include/boost/mpl/aux_/include_preprocessed.hpp:37[m[K,
                 from [01m[K/usr/include/boost/mpl/vector.hpp:46[m[K,
                 from [01m[K/usr/include/pcl-1.12/pcl/point_struct_traits.h:43[m[K,
                 from [01m[K/usr/include/pcl-1.12/pcl/type_traits.h:40[m[K,
                 from [01m[K/usr/include/pcl-1.12/pcl/memory.h:46[m[K,
                 from [01m[K/usr/include/pcl-1.12/pcl/PCLHeader.h:3[m[K,
                 from [01m[K/usr/include/pcl-1.12/pcl/point_cloud.h:47[m[K,
                 from [01m[K/mnt/nova_ssd/workspaces/navigation/src/dstar_main/include/dwa_main/dwa_main.h:16[m[K,
                 from [01m[K/mnt/nova_ssd/workspaces/navigation/src/dstar_main/src/dwa_main.cpp:1[m[K:
[01m[K/usr/include/boost/mpl/aux_/preprocessed/gcc/vector.hpp:22:8:[m[K [01;36m[Knote: [m[K  â€˜[01m[Kboost::mpl::vector[m[Kâ€™
   22 | struct [01;36m[Kvector[m[K;
      |        [01;36m[K^~~~~~[m[K
[01m[K/mnt/nova_ssd/workspaces/navigation/src/dstar_main/src/dwa_main.cpp:164:28:[m[K [01;31m[Kerror: [m[Kexpected primary-expression before â€˜[01m[K>[m[Kâ€™ token
  164 |             vector<Position[01;31m[K>[m[K trajectory = get_trajectory(robot_position, velocity);
      |                            [01;31m[K^[m[K
[01m[K/mnt/nova_ssd/workspaces/navigation/src/dstar_main/src/dwa_main.cpp:164:30:[m[K [01;31m[Kerror: [m[Kâ€˜[01m[Ktrajectory[m[Kâ€™ was not declared in this scope
  164 |             vector<Position> [01;31m[Ktrajectory[m[K = get_trajectory(robot_position, velocity);
      |                              [01;31m[K^~~~~~~~~~[m[K
[01m[K/mnt/nova_ssd/workspaces/navigation/src/dstar_main/src/dwa_main.cpp:164:43:[m[K [01;31m[Kerror: [m[Kâ€˜[01m[Kget_trajectory[m[Kâ€™ was not declared in this scope
  164 |             vector<Position> trajectory = [01;31m[Kget_trajectory[m[K(robot_position, velocity);
      |                                           [01;31m[K^~~~~~~~~~~~~~[m[K
[01m[K/mnt/nova_ssd/workspaces/navigation/src/dstar_main/src/dwa_main.cpp:156:81:[m[K [01;35m[Kwarning: [m[Kunused parameter â€˜[01m[Kgoal_position[m[Kâ€™ [[01;35m[K]8;;https://gcc.gnu.org/onlinedocs/gcc/Warning-Options.html#index-Wunused-parameter-Wunused-parameter]8;;[m[K]
  156 | dwaNode::Velocity dwaNode::find_best_velocity(Position robot_position, [01;35m[KPosition goal_position[m[K){
      |                                                                        [01;35m[K~~~~~~~~~^~~~~~~~~~~~~[m[K
[01m[K/mnt/nova_ssd/workspaces/navigation/src/dstar_main/src/dwa_main.cpp:[m[K At global scope:
[01m[K/mnt/nova_ssd/workspaces/navigation/src/dstar_main/src/dwa_main.cpp:174:1:[m[K [01;31m[Kerror: [m[Kâ€˜[01m[KPoint[m[Kâ€™ does not name a type
  174 | [01;31m[KPoint[m[K dwaNode::solve_path(){
      | [01;31m[K^~~~~[m[K
[01m[K/mnt/nova_ssd/workspaces/navigation/src/dstar_main/src/dwa_main.cpp:[m[K In member function â€˜[01m[Kvoid dwaNode::solve_grid()[m[Kâ€™:
[01m[K/mnt/nova_ssd/workspaces/navigation/src/dstar_main/src/dwa_main.cpp:193:42:[m[K [01;31m[Kerror: [m[Kexpected unqualified-id before â€˜[01m[K=[m[Kâ€™ token
  193 |     geometry_msgs::msg::TransformStamped [01;31m[K=[m[K get_transform(static_frame, map_frame);
      |                                          [01;31m[K^[m[K
[01m[K/mnt/nova_ssd/workspaces/navigation/src/dstar_main/src/dwa_main.cpp:203:106:[m[K [01;31m[Kerror: [m[Kâ€˜[01m[Ktransform[m[Kâ€™ was not declared in this scope; did you mean â€˜[01m[Kstd::transform[m[Kâ€™?
  203 |             geometry_msgs::msg::Point transformed_point = transformPoint(point, static_frame, map_frame, [01;31m[Ktransform[m[K);
      |                                                                                                          [01;31m[K^~~~~~~~~[m[K
      |                                                                                                          [32m[Kstd::transform[m[K
In file included from [01m[K/usr/include/c++/11/algorithm:74[m[K,
                 from [01m[K/opt/ros/humble/include/rclcpp/rclcpp/executor.hpp:18[m[K,
                 from [01m[K/opt/ros/humble/include/rclcpp/rclcpp/executors/multi_threaded_executor.hpp:25[m[K,
                 from [01m[K/opt/ros/humble/include/rclcpp/rclcpp/executors.hpp:21[m[K,
                 from [01m[K/opt/ros/humble/include/rclcpp/rclcpp/rclcpp.hpp:155[m[K,
                 from [01m[K/mnt/nova_ssd/workspaces/navigation/src/dstar_main/include/dwa_main/dwa_main.h:4[m[K,
                 from [01m[K/mnt/nova_ssd/workspaces/navigation/src/dstar_main/src/dwa_main.cpp:1[m[K:
[01m[K/usr/include/c++/11/pstl/glue_algorithm_defs.h:162:1:[m[K [01;36m[Knote: [m[Kâ€˜[01m[Kstd::transform[m[Kâ€™ declared here
  162 | [01;36m[Ktransform[m[K(_ExecutionPolicy&& __exec, _ForwardIterator1 __first1, _ForwardIterator1 __last1, _ForwardIterator2 __first2,
      | [01;36m[K^~~~~~~~~[m[K
[01m[K/mnt/nova_ssd/workspaces/navigation/src/dstar_main/src/dwa_main.cpp:[m[K At global scope:
[01m[K/mnt/nova_ssd/workspaces/navigation/src/dstar_main/src/dwa_main.cpp:225:2:[m[K [01;31m[Kerror: [m[Kexpected â€˜[01m[K;[m[Kâ€™ after struct definition
  225 | }
      |  [01;31m[K^[m[K
      |  [32m[K;[m[K
[01m[K/mnt/nova_ssd/workspaces/navigation/src/dstar_main/src/dwa_main.cpp:238:1:[m[K [01;31m[Kerror: [m[Kâ€˜[01m[KPosition[m[Kâ€™ does not name a type
  238 | [01;31m[KPosition[m[K dwaNode::get_current_position(){
      | [01;31m[K^~~~~~~~[m[K
[01m[K/mnt/nova_ssd/workspaces/navigation/src/dstar_main/src/dwa_main.cpp:247:1:[m[K [01;31m[Kerror: [m[Kâ€˜[01m[Kvector[m[Kâ€™ does not name a type
  247 | [01;31m[Kvector[m[K<Position> dwaNode::get_trajectory(Position robot_position, Velocity robot_velocity){
      | [01;31m[K^~~~~~[m[K
[01m[K/mnt/nova_ssd/workspaces/navigation/src/dstar_main/src/dwa_main.cpp:255:8:[m[K [01;31m[Kerror: [m[Kno declaration matches â€˜[01m[Kdouble dwaNode::evaluate_trajectory(std::vector<dwaNode::Position>)[m[Kâ€™
  255 | double [01;31m[KdwaNode[m[K::evaluate_trajectory(std::vector<Position> trajectory){
      |        [01;31m[K^~~~~~~[m[K
In file included from [01m[K/mnt/nova_ssd/workspaces/navigation/src/dstar_main/src/dwa_main.cpp:1[m[K:
[01m[K/mnt/nova_ssd/workspaces/navigation/src/dstar_main/include/dwa_main/dwa_main.h:69:16:[m[K [01;36m[Knote: [m[Kcandidate is: â€˜[01m[Kdouble dwaNode::evaluate_trajectory(int)[m[Kâ€™
   69 |         double [01;36m[Kevaluate_trajectory[m[K(vector<Position> trajectory);
      |                [01;36m[K^~~~~~~~~~~~~~~~~~~[m[K
In file included from [01m[K/mnt/nova_ssd/workspaces/navigation/src/dstar_main/src/dwa_main.cpp:1[m[K:
[01m[K/mnt/nova_ssd/workspaces/navigation/src/dstar_main/include/dwa_main/dwa_main.h:32:7:[m[K [01;36m[Knote: [m[Kâ€˜[01m[Kclass dwaNode[m[Kâ€™ defined here
   32 | class [01;36m[KdwaNode[m[K : public rclcpp::Node{
      |       [01;36m[K^~~~~~~[m[K
gmake[2]: *** [CMakeFiles/dwa_main.dir/build.make:76: CMakeFiles/dwa_main.dir/src/dwa_main.cpp.o] Error 1
gmake[1]: *** [CMakeFiles/Makefile2:165: CMakeFiles/dwa_main.dir/all] Error 2
gmake: *** [Makefile:146: all] Error 2
