[01m[K/mnt/nova_ssd/workspaces/navigation/src/dstar_main/src/dwa_main.cpp:[m[K In member function â€˜[01m[Kgeometry_msgs::msg::Point dwaNode::transformPoint(const Point&, const string&, const string&, geometry_msgs::msg::TransformStamped)[m[Kâ€™:
[01m[K/mnt/nova_ssd/workspaces/navigation/src/dstar_main/src/dwa_main.cpp:113:110:[m[K [01;35m[Kwarning: [m[Kunused parameter â€˜[01m[Ktarget_frame[m[Kâ€™ [[01;35m[K]8;;https://gcc.gnu.org/onlinedocs/gcc/Warning-Options.html#index-Wunused-parameter-Wunused-parameter]8;;[m[K]
  113 | geometry_msgs::msg::Point dwaNode::transformPoint(const geometry_msgs::msg::Point& point, [01;35m[Kconst std::string& target_frame[m[K, const std::string& source_frame, geometry_msgs::msg::TransformStamped transformStamped) {
      |                                                                                           [01;35m[K~~~~~~~~~~~~~~~~~~~^~~~~~~~~~~~[m[K
[01m[K/mnt/nova_ssd/workspaces/navigation/src/dstar_main/src/dwa_main.cpp:[m[K In member function â€˜[01m[Kdouble dwaNode::evaluate_trajectory(std::vector<dwaNode::Position>, dwaNode::Position)[m[Kâ€™:
[01m[K/mnt/nova_ssd/workspaces/navigation/src/dstar_main/src/dwa_main.cpp:270:12:[m[K [01;31m[Kerror: [m[Kâ€˜[01m[Kfinal_scost[m[Kâ€™ was not declared in this scope; did you mean â€˜[01m[Kfinal_cost[m[Kâ€™?
  270 |     return [01;31m[Kfinal_scost[m[K;
      |            [01;31m[K^~~~~~~~~~~[m[K
      |            [32m[Kfinal_cost[m[K
gmake[2]: *** [CMakeFiles/dwa_main.dir/build.make:76: CMakeFiles/dwa_main.dir/src/dwa_main.cpp.o] Error 1
gmake[1]: *** [CMakeFiles/Makefile2:165: CMakeFiles/dwa_main.dir/all] Error 2
gmake: *** [Makefile:146: all] Error 2
