[01m[K/mnt/nova_ssd/workspaces/navigation/src/dwa_main/src/dwa_local_planner.cpp:[m[K In member function â€˜[01m[Kvoid DwaLocalPlanner::control_loop()[m[Kâ€™:
[01m[K/mnt/nova_ssd/workspaces/navigation/src/dwa_main/src/dwa_local_planner.cpp:134:14:[m[K [01;31m[Kerror: [m[Kâ€˜[01m[Kodometry_available[m[Kâ€™ was not declared in this scope; did you mean â€˜[01m[Kodom_available[m[Kâ€™?
  134 |         if (![01;31m[Kodometry_available[m[K()){
      |              [01;31m[K^~~~~~~~~~~~~~~~~~[m[K
      |              [32m[Kodom_available[m[K
gmake[2]: *** [CMakeFiles/dwa_main.dir/build.make:76: CMakeFiles/dwa_main.dir/src/dwa_local_planner.cpp.o] Error 1
gmake[1]: *** [CMakeFiles/Makefile2:137: CMakeFiles/dwa_main.dir/all] Error 2
gmake: *** [Makefile:146: all] Error 2
