[0.016s] Invoking command in '/mnt/nova_ssd/workspaces/navigation/build/dwa_main': CMAKE_PREFIX_PATH=${CMAKE_PREFIX_PATH}:/opt/ros/humble /usr/bin/cmake --build /mnt/nova_ssd/workspaces/navigation/build/dwa_main -- -j12 -l12
[0.115s] [ 50%] [32mBuilding CXX object CMakeFiles/dwa_main.dir/src/dwa_local_planner.cpp.o[0m
[5.057s] [01m[K/mnt/nova_ssd/workspaces/navigation/src/dwa_main/src/dwa_local_planner.cpp:[m[K In member function â€˜[01m[Kvoid DwaLocalPlanner::control_loop()[m[Kâ€™:
[5.057s] [01m[K/mnt/nova_ssd/workspaces/navigation/src/dwa_main/src/dwa_local_planner.cpp:134:14:[m[K [01;31m[Kerror: [m[Kâ€˜[01m[Kodometry_available[m[Kâ€™ was not declared in this scope; did you mean â€˜[01m[Kodom_available[m[Kâ€™?
[5.057s]   134 |         if (![01;31m[Kodometry_available[m[K()){
[5.057s]       |              [01;31m[K^~~~~~~~~~~~~~~~~~[m[K
[5.057s]       |              [32m[Kodom_available[m[K
[14.585s] gmake[2]: *** [CMakeFiles/dwa_main.dir/build.make:76: CMakeFiles/dwa_main.dir/src/dwa_local_planner.cpp.o] Error 1
[14.586s] gmake[1]: *** [CMakeFiles/Makefile2:137: CMakeFiles/dwa_main.dir/all] Error 2
[14.586s] gmake: *** [Makefile:146: all] Error 2
[14.591s] Invoked command in '/mnt/nova_ssd/workspaces/navigation/build/dwa_main' returned '2': CMAKE_PREFIX_PATH=${CMAKE_PREFIX_PATH}:/opt/ros/humble /usr/bin/cmake --build /mnt/nova_ssd/workspaces/navigation/build/dwa_main -- -j12 -l12
