[0.017s] Invoking command in '/mnt/nova_ssd/workspaces/scout/build/scout_base': AMENT_PREFIX_PATH=/mnt/nova_ssd/workspaces/scout/install/scout_msgs:${AMENT_PREFIX_PATH} CMAKE_PREFIX_PATH=/opt/ros/humble:/mnt/nova_ssd/workspaces/scout/install/ugv_sdk:/mnt/nova_ssd/workspaces/scout/install/scout_msgs LD_LIBRARY_PATH=/mnt/nova_ssd/workspaces/scout/install/scout_msgs/lib:${LD_LIBRARY_PATH} PKG_CONFIG_PATH=/mnt/nova_ssd/workspaces/scout/install/ugv_sdk/lib/aarch64-linux-gnu/pkgconfig:/mnt/nova_ssd/workspaces/scout/install/ugv_sdk/lib/pkgconfig PYTHONPATH=/mnt/nova_ssd/workspaces/scout/install/scout_msgs/local/lib/python3.10/dist-packages:${PYTHONPATH} ROS_PACKAGE_PATH=/mnt/nova_ssd/workspaces/scout/install/ugv_sdk/share /usr/bin/cmake /mnt/nova_ssd/workspaces/scout/src/scout_ros2/scout_base -DCMAKE_INSTALL_PREFIX=/mnt/nova_ssd/workspaces/scout/install/scout_base
[0.100s] -- The C compiler identification is GNU 11.4.0
[0.183s] -- The CXX compiler identification is GNU 11.4.0
[0.200s] -- Detecting C compiler ABI info
[0.315s] -- Detecting C compiler ABI info - done
[0.328s] -- Check for working C compiler: /usr/bin/cc - skipped
[0.329s] -- Detecting C compile features
[0.330s] -- Detecting C compile features - done
[0.338s] -- Detecting CXX compiler ABI info
[0.466s] -- Detecting CXX compiler ABI info - done
[0.491s] -- Check for working CXX compiler: /usr/bin/c++ - skipped
[0.492s] -- Detecting CXX compile features
[0.494s] -- Detecting CXX compile features - done
[0.500s] -- Found ament_cmake: 1.3.9 (/opt/ros/humble/share/ament_cmake/cmake)
[0.763s] -- Found Python3: /usr/bin/python3 (found version "3.10.12") found components: Interpreter 
[0.919s] -- Found rclcpp: 16.0.9 (/opt/ros/humble/share/rclcpp/cmake)
[0.982s] -- Found rosidl_generator_c: 3.1.5 (/opt/ros/humble/share/rosidl_generator_c/cmake)
[0.988s] -- Found rosidl_adapter: 3.1.5 (/opt/ros/humble/share/rosidl_adapter/cmake)
[0.998s] -- Found rosidl_generator_cpp: 3.1.5 (/opt/ros/humble/share/rosidl_generator_cpp/cmake)
[1.014s] -- Using all available rosidl_typesupport_c: rosidl_typesupport_fastrtps_c;rosidl_typesupport_introspection_c
[1.037s] -- Using all available rosidl_typesupport_cpp: rosidl_typesupport_fastrtps_cpp;rosidl_typesupport_introspection_cpp
[1.120s] -- Found rmw_implementation_cmake: 6.1.2 (/opt/ros/humble/share/rmw_implementation_cmake/cmake)
[1.122s] -- Found rmw_fastrtps_cpp: 6.2.6 (/opt/ros/humble/share/rmw_fastrtps_cpp/cmake)
[1.261s] -- Found OpenSSL: /usr/lib/aarch64-linux-gnu/libcrypto.so (found version "3.0.2")  
[1.301s] -- Found FastRTPS: /opt/ros/humble/include  
[1.364s] -- Using RMW implementation 'rmw_fastrtps_cpp' as default
[1.375s] -- Looking for pthread.h
[1.486s] -- Looking for pthread.h - found
[1.486s] -- Performing Test CMAKE_HAVE_LIBC_PTHREAD
[1.602s] -- Performing Test CMAKE_HAVE_LIBC_PTHREAD - Success
[1.605s] -- Found Threads: TRUE  
[1.843s] -- Found geometry_msgs: 4.2.4 (/opt/ros/humble/share/geometry_msgs/cmake)
[1.899s] -- Found nav_msgs: 4.2.4 (/opt/ros/humble/share/nav_msgs/cmake)
[2.005s] -- Found sensor_msgs: 4.2.4 (/opt/ros/humble/share/sensor_msgs/cmake)
[2.112s] -- Found tf2: 0.25.7 (/opt/ros/humble/share/tf2/cmake)
[2.129s] -- Found tf2_ros: 0.25.7 (/opt/ros/humble/share/tf2_ros/cmake)
[2.546s] -- Found scout_msgs: 0.1.0 (/mnt/nova_ssd/workspaces/scout/install/scout_msgs/share/scout_msgs/cmake)
[2.623s] -- Found ament_lint_auto: 0.12.11 (/opt/ros/humble/share/ament_lint_auto/cmake)
[2.748s] -- Added test 'copyright' to check source files copyright and LICENSE
[2.749s] -- Added test 'cppcheck' to perform static code analysis on C / C++ code
[2.750s] -- Configured cppcheck include dirs: /mnt/nova_ssd/workspaces/scout/src/scout_ros2/scout_base/include
[2.750s] -- Configured cppcheck exclude dirs and/or files: 
[2.751s] -- Added test 'cpplint' to check C / C++ code against the Google style
[2.751s] -- Configured cpplint exclude dirs and/or files: 
[2.752s] -- Added test 'flake8' to check Python code syntax and style conventions
[2.752s] -- Added test 'lint_cmake' to check CMake code style
[2.753s] -- Added test 'pep257' to check Python code against some of the docstring style conventions in PEP 257
[2.754s] -- Added test 'uncrustify' to check C / C++ code style
[2.754s] -- Configured uncrustify additional arguments: 
[2.755s] -- Added test 'xmllint' to check XML markup files
[2.757s] -- Configuring done
[2.777s] -- Generating done
[2.779s] -- Build files have been written to: /mnt/nova_ssd/workspaces/scout/build/scout_base
[2.799s] Invoked command in '/mnt/nova_ssd/workspaces/scout/build/scout_base' returned '0': AMENT_PREFIX_PATH=/mnt/nova_ssd/workspaces/scout/install/scout_msgs:${AMENT_PREFIX_PATH} CMAKE_PREFIX_PATH=/opt/ros/humble:/mnt/nova_ssd/workspaces/scout/install/ugv_sdk:/mnt/nova_ssd/workspaces/scout/install/scout_msgs LD_LIBRARY_PATH=/mnt/nova_ssd/workspaces/scout/install/scout_msgs/lib:${LD_LIBRARY_PATH} PKG_CONFIG_PATH=/mnt/nova_ssd/workspaces/scout/install/ugv_sdk/lib/aarch64-linux-gnu/pkgconfig:/mnt/nova_ssd/workspaces/scout/install/ugv_sdk/lib/pkgconfig PYTHONPATH=/mnt/nova_ssd/workspaces/scout/install/scout_msgs/local/lib/python3.10/dist-packages:${PYTHONPATH} ROS_PACKAGE_PATH=/mnt/nova_ssd/workspaces/scout/install/ugv_sdk/share /usr/bin/cmake /mnt/nova_ssd/workspaces/scout/src/scout_ros2/scout_base -DCMAKE_INSTALL_PREFIX=/mnt/nova_ssd/workspaces/scout/install/scout_base
[2.802s] Invoking command in '/mnt/nova_ssd/workspaces/scout/build/scout_base': AMENT_PREFIX_PATH=/mnt/nova_ssd/workspaces/scout/install/scout_msgs:${AMENT_PREFIX_PATH} CMAKE_PREFIX_PATH=/opt/ros/humble:/mnt/nova_ssd/workspaces/scout/install/ugv_sdk:/mnt/nova_ssd/workspaces/scout/install/scout_msgs LD_LIBRARY_PATH=/mnt/nova_ssd/workspaces/scout/install/scout_msgs/lib:${LD_LIBRARY_PATH} PKG_CONFIG_PATH=/mnt/nova_ssd/workspaces/scout/install/ugv_sdk/lib/aarch64-linux-gnu/pkgconfig:/mnt/nova_ssd/workspaces/scout/install/ugv_sdk/lib/pkgconfig PYTHONPATH=/mnt/nova_ssd/workspaces/scout/install/scout_msgs/local/lib/python3.10/dist-packages:${PYTHONPATH} ROS_PACKAGE_PATH=/mnt/nova_ssd/workspaces/scout/install/ugv_sdk/share /usr/bin/cmake --build /mnt/nova_ssd/workspaces/scout/build/scout_base -- -j12 -l12
[2.884s] [ 66%] [32mBuilding CXX object CMakeFiles/scout_base_node.dir/src/scout_base_node.cpp.o[0m
[2.884s] [ 66%] [32mBuilding CXX object CMakeFiles/scout_base_node.dir/src/scout_base_ros.cpp.o[0m
[3.245s] In file included from [01m[K/mnt/nova_ssd/workspaces/scout/src/scout_ros2/scout_base/src/scout_base_ros.cpp:12[m[K:
[3.245s] [01m[K/mnt/nova_ssd/workspaces/scout/src/scout_ros2/scout_base/include/scout_base/scout_messenger.hpp:21:10:[m[K [01;31m[Kfatal error: [m[Ktf2_geometry_msgs/tf2_geometry_msgs.h: No such file or directory
[3.245s]    21 | #include [01;31m[K<tf2_geometry_msgs/tf2_geometry_msgs.h>[m[K
[3.245s]       |          [01;31m[K^~~~~~~~~~~~~~~~~~~~~~~~~~~~~~~~~~~~~~~[m[K
[3.245s] compilation terminated.
[3.254s] gmake[2]: *** [CMakeFiles/scout_base_node.dir/build.make:76: CMakeFiles/scout_base_node.dir/src/scout_base_ros.cpp.o] Error 1
[3.254s] gmake[2]: *** Waiting for unfinished jobs....
[7.371s] gmake[1]: *** [CMakeFiles/Makefile2:137: CMakeFiles/scout_base_node.dir/all] Error 2
[7.371s] gmake: *** [Makefile:146: all] Error 2
[7.375s] Invoked command in '/mnt/nova_ssd/workspaces/scout/build/scout_base' returned '2': AMENT_PREFIX_PATH=/mnt/nova_ssd/workspaces/scout/install/scout_msgs:${AMENT_PREFIX_PATH} CMAKE_PREFIX_PATH=/opt/ros/humble:/mnt/nova_ssd/workspaces/scout/install/ugv_sdk:/mnt/nova_ssd/workspaces/scout/install/scout_msgs LD_LIBRARY_PATH=/mnt/nova_ssd/workspaces/scout/install/scout_msgs/lib:${LD_LIBRARY_PATH} PKG_CONFIG_PATH=/mnt/nova_ssd/workspaces/scout/install/ugv_sdk/lib/aarch64-linux-gnu/pkgconfig:/mnt/nova_ssd/workspaces/scout/install/ugv_sdk/lib/pkgconfig PYTHONPATH=/mnt/nova_ssd/workspaces/scout/install/scout_msgs/local/lib/python3.10/dist-packages:${PYTHONPATH} ROS_PACKAGE_PATH=/mnt/nova_ssd/workspaces/scout/install/ugv_sdk/share /usr/bin/cmake --build /mnt/nova_ssd/workspaces/scout/build/scout_base -- -j12 -l12
