[0.880s] Invoking command in '/mnt/nova_ssd/workspaces/pcl_ws/build/pointcloud_to_laserscan': CMAKE_PREFIX_PATH=/mnt/nova_ssd/workspaces/pcl_ws/install/pointcloud_to_laserscan:/mnt/nova_ssd/workspaces/pcl_ws/install/pcl_object_detection:/mnt/nova_ssd/workspaces/navigation/install/dwa_main:/mnt/nova_ssd/workspaces/navigation/install/dstar_main:/mnt/nova_ssd/workspaces/navigation/install/costmap_converter:/mnt/nova_ssd/workspaces/navigation/install/costmap_converter_msgs:/mnt/nova_ssd/workspaces/scout/install/scout_base:/mnt/nova_ssd/workspaces/pcl_ws/install/my_package:/mnt/nova_ssd/workspaces/pcl_ws/install/livox_tf:/opt/ros/humble:/mnt/nova_ssd/workspaces/scout/install/ugv_sdk:/mnt/nova_ssd/workspaces/scout/install/scout_msgs:/mnt/nova_ssd/workspaces/scout/install/scout_description /usr/bin/cmake --build /mnt/nova_ssd/workspaces/pcl_ws/build/pointcloud_to_laserscan -- -j12 -l12
[0.971s] [ 20%] Built target laserscan_to_pointcloud_node
[0.974s] [ 40%] Built target pointcloud_to_laserscan_node
[0.978s] [ 60%] Built target laserscan_to_pointcloud
[1.035s] [ 80%] Built target pointcloud_to_laserscan
[1.081s] [100%] Built target dummy_pointcloud_publisher
[1.106s] Invoked command in '/mnt/nova_ssd/workspaces/pcl_ws/build/pointcloud_to_laserscan' returned '0': CMAKE_PREFIX_PATH=/mnt/nova_ssd/workspaces/pcl_ws/install/pointcloud_to_laserscan:/mnt/nova_ssd/workspaces/pcl_ws/install/pcl_object_detection:/mnt/nova_ssd/workspaces/navigation/install/dwa_main:/mnt/nova_ssd/workspaces/navigation/install/dstar_main:/mnt/nova_ssd/workspaces/navigation/install/costmap_converter:/mnt/nova_ssd/workspaces/navigation/install/costmap_converter_msgs:/mnt/nova_ssd/workspaces/scout/install/scout_base:/mnt/nova_ssd/workspaces/pcl_ws/install/my_package:/mnt/nova_ssd/workspaces/pcl_ws/install/livox_tf:/opt/ros/humble:/mnt/nova_ssd/workspaces/scout/install/ugv_sdk:/mnt/nova_ssd/workspaces/scout/install/scout_msgs:/mnt/nova_ssd/workspaces/scout/install/scout_description /usr/bin/cmake --build /mnt/nova_ssd/workspaces/pcl_ws/build/pointcloud_to_laserscan -- -j12 -l12
[1.175s] Invoking command in '/mnt/nova_ssd/workspaces/pcl_ws/build/pointcloud_to_laserscan': CMAKE_PREFIX_PATH=/mnt/nova_ssd/workspaces/pcl_ws/install/pointcloud_to_laserscan:/mnt/nova_ssd/workspaces/pcl_ws/install/pcl_object_detection:/mnt/nova_ssd/workspaces/navigation/install/dwa_main:/mnt/nova_ssd/workspaces/navigation/install/dstar_main:/mnt/nova_ssd/workspaces/navigation/install/costmap_converter:/mnt/nova_ssd/workspaces/navigation/install/costmap_converter_msgs:/mnt/nova_ssd/workspaces/scout/install/scout_base:/mnt/nova_ssd/workspaces/pcl_ws/install/my_package:/mnt/nova_ssd/workspaces/pcl_ws/install/livox_tf:/opt/ros/humble:/mnt/nova_ssd/workspaces/scout/install/ugv_sdk:/mnt/nova_ssd/workspaces/scout/install/scout_msgs:/mnt/nova_ssd/workspaces/scout/install/scout_description /usr/bin/cmake --install /mnt/nova_ssd/workspaces/pcl_ws/build/pointcloud_to_laserscan
[1.186s] -- Install configuration: ""
[1.186s] -- Up-to-date: /mnt/nova_ssd/workspaces/pcl_ws/install/pointcloud_to_laserscan/lib/pointcloud_to_laserscan/laserscan_to_pointcloud_node
[1.187s] -- Up-to-date: /mnt/nova_ssd/workspaces/pcl_ws/install/pointcloud_to_laserscan/lib/pointcloud_to_laserscan/pointcloud_to_laserscan_node
[1.187s] -- Up-to-date: /mnt/nova_ssd/workspaces/pcl_ws/install/pointcloud_to_laserscan/include
[1.187s] -- Up-to-date: /mnt/nova_ssd/workspaces/pcl_ws/install/pointcloud_to_laserscan/include/pointcloud_to_laserscan
[1.187s] -- Up-to-date: /mnt/nova_ssd/workspaces/pcl_ws/install/pointcloud_to_laserscan/include/pointcloud_to_laserscan/laserscan_to_pointcloud_node.hpp
[1.187s] -- Up-to-date: /mnt/nova_ssd/workspaces/pcl_ws/install/pointcloud_to_laserscan/include/pointcloud_to_laserscan/pointcloud_to_laserscan_node.hpp
[1.187s] -- Up-to-date: /mnt/nova_ssd/workspaces/pcl_ws/install/pointcloud_to_laserscan/include/pointcloud_to_laserscan/visibility_control.h
[1.187s] -- Up-to-date: /mnt/nova_ssd/workspaces/pcl_ws/install/pointcloud_to_laserscan/share/pointcloud_to_laserscan/environment/library_path.sh
[1.188s] -- Up-to-date: /mnt/nova_ssd/workspaces/pcl_ws/install/pointcloud_to_laserscan/share/pointcloud_to_laserscan/environment/library_path.dsv
[1.188s] -- Up-to-date: /mnt/nova_ssd/workspaces/pcl_ws/install/pointcloud_to_laserscan/lib/liblaserscan_to_pointcloud.so
[1.188s] -- Up-to-date: /mnt/nova_ssd/workspaces/pcl_ws/install/pointcloud_to_laserscan/lib/libpointcloud_to_laserscan.so
[1.188s] -- Up-to-date: /mnt/nova_ssd/workspaces/pcl_ws/install/pointcloud_to_laserscan/lib/pointcloud_to_laserscan/dummy_pointcloud_publisher
[1.188s] -- Up-to-date: /mnt/nova_ssd/workspaces/pcl_ws/install/pointcloud_to_laserscan/share/pointcloud_to_laserscan/launch
[1.189s] -- Up-to-date: /mnt/nova_ssd/workspaces/pcl_ws/install/pointcloud_to_laserscan/share/pointcloud_to_laserscan/launch/sample_pointcloud_to_laserscan_launch.py
[1.189s] -- Up-to-date: /mnt/nova_ssd/workspaces/pcl_ws/install/pointcloud_to_laserscan/share/pointcloud_to_laserscan/launch/sample_laserscan_to_pointcloud_launch.py
[1.189s] -- Up-to-date: /mnt/nova_ssd/workspaces/pcl_ws/install/pointcloud_to_laserscan/share/ament_index/resource_index/package_run_dependencies/pointcloud_to_laserscan
[1.189s] -- Up-to-date: /mnt/nova_ssd/workspaces/pcl_ws/install/pointcloud_to_laserscan/share/ament_index/resource_index/parent_prefix_path/pointcloud_to_laserscan
[1.189s] -- Up-to-date: /mnt/nova_ssd/workspaces/pcl_ws/install/pointcloud_to_laserscan/share/pointcloud_to_laserscan/environment/ament_prefix_path.sh
[1.189s] -- Up-to-date: /mnt/nova_ssd/workspaces/pcl_ws/install/pointcloud_to_laserscan/share/pointcloud_to_laserscan/environment/ament_prefix_path.dsv
[1.189s] -- Up-to-date: /mnt/nova_ssd/workspaces/pcl_ws/install/pointcloud_to_laserscan/share/pointcloud_to_laserscan/environment/path.sh
[1.190s] -- Up-to-date: /mnt/nova_ssd/workspaces/pcl_ws/install/pointcloud_to_laserscan/share/pointcloud_to_laserscan/environment/path.dsv
[1.190s] -- Up-to-date: /mnt/nova_ssd/workspaces/pcl_ws/install/pointcloud_to_laserscan/share/pointcloud_to_laserscan/local_setup.bash
[1.190s] -- Up-to-date: /mnt/nova_ssd/workspaces/pcl_ws/install/pointcloud_to_laserscan/share/pointcloud_to_laserscan/local_setup.sh
[1.190s] -- Up-to-date: /mnt/nova_ssd/workspaces/pcl_ws/install/pointcloud_to_laserscan/share/pointcloud_to_laserscan/local_setup.zsh
[1.190s] -- Up-to-date: /mnt/nova_ssd/workspaces/pcl_ws/install/pointcloud_to_laserscan/share/pointcloud_to_laserscan/local_setup.dsv
[1.190s] -- Installing: /mnt/nova_ssd/workspaces/pcl_ws/install/pointcloud_to_laserscan/share/pointcloud_to_laserscan/package.dsv
[1.190s] -- Up-to-date: /mnt/nova_ssd/workspaces/pcl_ws/install/pointcloud_to_laserscan/share/ament_index/resource_index/packages/pointcloud_to_laserscan
[1.190s] -- Up-to-date: /mnt/nova_ssd/workspaces/pcl_ws/install/pointcloud_to_laserscan/share/ament_index/resource_index/rclcpp_components/pointcloud_to_laserscan
[1.190s] -- Up-to-date: /mnt/nova_ssd/workspaces/pcl_ws/install/pointcloud_to_laserscan/share/pointcloud_to_laserscan/cmake/ament_cmake_export_dependencies-extras.cmake
[1.191s] -- Up-to-date: /mnt/nova_ssd/workspaces/pcl_ws/install/pointcloud_to_laserscan/share/pointcloud_to_laserscan/cmake/ament_cmake_export_include_directories-extras.cmake
[1.191s] -- Up-to-date: /mnt/nova_ssd/workspaces/pcl_ws/install/pointcloud_to_laserscan/share/pointcloud_to_laserscan/cmake/ament_cmake_export_libraries-extras.cmake
[1.191s] -- Up-to-date: /mnt/nova_ssd/workspaces/pcl_ws/install/pointcloud_to_laserscan/share/pointcloud_to_laserscan/cmake/pointcloud_to_laserscanConfig.cmake
[1.191s] -- Up-to-date: /mnt/nova_ssd/workspaces/pcl_ws/install/pointcloud_to_laserscan/share/pointcloud_to_laserscan/cmake/pointcloud_to_laserscanConfig-version.cmake
[1.191s] -- Up-to-date: /mnt/nova_ssd/workspaces/pcl_ws/install/pointcloud_to_laserscan/share/pointcloud_to_laserscan/package.xml
[1.198s] Invoked command in '/mnt/nova_ssd/workspaces/pcl_ws/build/pointcloud_to_laserscan' returned '0': CMAKE_PREFIX_PATH=/mnt/nova_ssd/workspaces/pcl_ws/install/pointcloud_to_laserscan:/mnt/nova_ssd/workspaces/pcl_ws/install/pcl_object_detection:/mnt/nova_ssd/workspaces/navigation/install/dwa_main:/mnt/nova_ssd/workspaces/navigation/install/dstar_main:/mnt/nova_ssd/workspaces/navigation/install/costmap_converter:/mnt/nova_ssd/workspaces/navigation/install/costmap_converter_msgs:/mnt/nova_ssd/workspaces/scout/install/scout_base:/mnt/nova_ssd/workspaces/pcl_ws/install/my_package:/mnt/nova_ssd/workspaces/pcl_ws/install/livox_tf:/opt/ros/humble:/mnt/nova_ssd/workspaces/scout/install/ugv_sdk:/mnt/nova_ssd/workspaces/scout/install/scout_msgs:/mnt/nova_ssd/workspaces/scout/install/scout_description /usr/bin/cmake --install /mnt/nova_ssd/workspaces/pcl_ws/build/pointcloud_to_laserscan
[1.276s] Traceback (most recent call last):
  File "/usr/lib/python3/dist-packages/colcon_parallel_executor/executor/parallel.py", line 75, in execute
    loop.run_until_complete(future)
  File "/usr/lib/python3.10/asyncio/base_events.py", line 636, in run_until_complete
    self.run_forever()
  File "/usr/lib/python3.10/asyncio/base_events.py", line 603, in run_forever
    self._run_once()
  File "/usr/lib/python3.10/asyncio/base_events.py", line 1871, in _run_once
    event_list = self._selector.select(timeout)
  File "/usr/lib/python3.10/selectors.py", line 469, in select
    fd_event_list = self._selector.poll(timeout, max_ev)
KeyboardInterrupt

During handling of the above exception, another exception occurred:

Traceback (most recent call last):
  File "/usr/lib/python3/dist-packages/colcon_core/executor/__init__.py", line 91, in __call__
    rc = await self.task(*args, **kwargs)
  File "/usr/lib/python3/dist-packages/colcon_core/task/__init__.py", line 93, in __call__
    return await task_method(*args, **kwargs)
  File "/usr/lib/python3/dist-packages/colcon_ros/task/ament_cmake/build.py", line 65, in build
    has_install_target = await has_target(args.build_base, 'install')
  File "/usr/lib/python3/dist-packages/colcon_cmake/task/cmake/__init__.py", line 57, in has_target
    return target in await get_makefile_targets(path)
  File "/usr/lib/python3/dist-packages/colcon_cmake/task/cmake/__init__.py", line 77, in get_makefile_targets
    output = await check_output([
  File "/usr/lib/python3/dist-packages/colcon_core/subprocess.py", line 129, in check_output
    assert not rc, f'Expected {args} to pass: {stderr_data}'
AssertionError: Expected ['/usr/bin/cmake', '--build', '/mnt/nova_ssd/workspaces/pcl_ws/build/pointcloud_to_laserscan', '--target', 'help'] to pass: gmake: *** [Makefile:402: help] Interrupt

