[0.031s] Invoking command in '/mnt/nova_ssd/workspaces/navigation/build/dstar_main': CMAKE_PREFIX_PATH=/mnt/nova_ssd/workspaces/navigation/install/dwa_main:/mnt/nova_ssd/workspaces/navigation/install/dstar_main:/mnt/nova_ssd/workspaces/navigation/install/costmap_converter:/mnt/nova_ssd/workspaces/navigation/install/costmap_converter_msgs:/mnt/nova_ssd/workspaces/scout/install/scout_base:/opt/ros/humble:/mnt/nova_ssd/workspaces/scout/install/ugv_sdk:/mnt/nova_ssd/workspaces/scout/install/scout_msgs:/mnt/nova_ssd/workspaces/scout/install/scout_description /usr/bin/cmake --build /mnt/nova_ssd/workspaces/navigation/build/dstar_main -- -j12 -l12
[0.130s] [35m[1mConsolidate compiler generated dependencies of target dwa_main[0m
[0.178s] [ 25%] [32mBuilding CXX object CMakeFiles/dwa_main.dir/src/dwa_main.cpp.o[0m
[0.190s] [ 75%] Built target dstar_main
[10.194s] [01m[K/mnt/nova_ssd/workspaces/navigation/src/dstar_main/src/dwa_main.cpp:[m[K In constructor â€˜[01m[KdwaNode::dwaNode()[m[Kâ€™:
[10.194s] [01m[K/mnt/nova_ssd/workspaces/navigation/src/dstar_main/src/dwa_main.cpp:11:43:[m[K [01;31m[Kerror: [m[Kâ€˜[01m[Kpath_topic[m[Kâ€™ was not declared in this scope; did you mean â€˜[01m[Kpath_copy[m[Kâ€™?
[10.194s]    11 |     if(!this->get_parameter("path_topic", [01;31m[Kpath_topic[m[K)){
[10.195s]       |                                           [01;31m[K^~~~~~~~~~[m[K
[10.195s]       |                                           [32m[Kpath_copy[m[K
[10.218s] [01m[K/mnt/nova_ssd/workspaces/navigation/src/dstar_main/src/dwa_main.cpp:76:27:[m[K [01;31m[Kerror: [m[Kexpression in new-declarator must have integral or enumeration type
[10.218s]    76 |     costmap = new double*[[01;31m[Kmap_width[m[K];
[10.218s]       |                           [01;31m[K^~~~~~~~~[m[K
[10.218s] [01m[K/mnt/nova_ssd/workspaces/navigation/src/dstar_main/src/dwa_main.cpp:78:33:[m[K [01;31m[Kerror: [m[Kexpression in new-declarator must have integral or enumeration type
[10.218s]    78 |         costmap[i] = new double[[01;31m[Kmap_height[m[K];
[10.218s]       |                                 [01;31m[K^~~~~~~~~~[m[K
[10.399s] [01m[K/mnt/nova_ssd/workspaces/navigation/src/dstar_main/src/dwa_main.cpp:86:63:[m[K [01;31m[Kerror: [m[Kâ€˜[01m[Kpath_topic[m[Kâ€™ was not declared in this scope; did you mean â€˜[01m[Kpath_copy[m[Kâ€™?
[10.399s]    86 |     path_sub = this->create_subscription<nav_msgs::msg::Path>([01;31m[Kpath_topic[m[K, 10, std::bind(&dwaNode::path_callback, this, std::placeholders::_1));
[10.399s]       |                                                               [01;31m[K^~~~~~~~~~[m[K
[10.399s]       |                                                               [32m[Kpath_copy[m[K
[10.428s] [01m[K/mnt/nova_ssd/workspaces/navigation/src/dstar_main/src/dwa_main.cpp:[m[K In member function â€˜[01m[Kgeometry_msgs::msg::Point dwaNode::transformPoint(const Point&, const string&, const string&, geometry_msgs::msg::TransformStamped)[m[Kâ€™:
[10.428s] [01m[K/mnt/nova_ssd/workspaces/navigation/src/dstar_main/src/dwa_main.cpp:110:110:[m[K [01;35m[Kwarning: [m[Kunused parameter â€˜[01m[Ktarget_frame[m[Kâ€™ [[01;35m[K]8;;https://gcc.gnu.org/onlinedocs/gcc/Warning-Options.html#index-Wunused-parameter-Wunused-parameter]8;;[m[K]
[10.428s]   110 | geometry_msgs::msg::Point dwaNode::transformPoint(const geometry_msgs::msg::Point& point, [01;35m[Kconst std::string& target_frame[m[K, const std::string& source_frame, geometry_msgs::msg::TransformStamped transformStamped) {
[10.428s]       |                                                                                           [01;35m[K~~~~~~~~~~~~~~~~~~~^~~~~~~~~~~~[m[K
[10.437s] [01m[K/mnt/nova_ssd/workspaces/navigation/src/dstar_main/src/dwa_main.cpp:[m[K In member function â€˜[01m[Kvoid dwaNode::dwa_callback()[m[Kâ€™:
[10.438s] [01m[K/mnt/nova_ssd/workspaces/navigation/src/dstar_main/src/dwa_main.cpp:143:18:[m[K [01;31m[Kerror: [m[Kvariable â€˜[01m[KdwaNode::Position robot_position[m[Kâ€™ has initializer but incomplete type
[10.438s]   143 |         Position [01;31m[Krobot_position[m[K = get_current_position();
[10.438s]       |                  [01;31m[K^~~~~~~~~~~~~~[m[K
[10.438s] [01m[K/mnt/nova_ssd/workspaces/navigation/src/dstar_main/src/dwa_main.cpp:143:55:[m[K [01;31m[Kerror: [m[Kinvalid use of incomplete type â€˜[01m[Kstruct dwaNode::Position[m[Kâ€™
[10.438s]   143 |         Position robot_position = [01;31m[Kget_current_position()[m[K;
[10.438s]       |                                   [01;31m[K~~~~~~~~~~~~~~~~~~~~^~[m[K
[10.438s] In file included from [01m[K/mnt/nova_ssd/workspaces/navigation/src/dstar_main/src/dwa_main.cpp:1[m[K:
[10.438s] [01m[K/mnt/nova_ssd/workspaces/navigation/src/dstar_main/include/dwa_main/dwa_main.h:63:16:[m[K [01;36m[Knote: [m[Kforward declaration of â€˜[01m[Kstruct dwaNode::Position[m[Kâ€™
[10.438s]    63 |         struct [01;36m[KPosition[m[K;
[10.439s]       |                [01;36m[K^~~~~~~~[m[K
[10.440s] [01m[K/mnt/nova_ssd/workspaces/navigation/src/dstar_main/src/dwa_main.cpp:144:9:[m[K [01;31m[Kerror: [m[Kâ€˜[01m[KPoint[m[Kâ€™ was not declared in this scope; did you mean â€˜[01m[Kgeometry_msgs::msg::Point[m[Kâ€™?
[10.441s]   144 |         [01;31m[KPoint[m[K goal = solve_path();
[10.441s]       |         [01;31m[K^~~~~[m[K
[10.441s]       |         [32m[Kgeometry_msgs::msg::Point[m[K
[10.441s] In file included from [01m[K/opt/ros/humble/include/geometry_msgs/geometry_msgs/msg/detail/pose__struct.hpp:20[m[K,
[10.441s]                  from [01m[K/opt/ros/humble/include/nav_msgs/nav_msgs/msg/detail/map_meta_data__struct.hpp:22[m[K,
[10.441s]                  from [01m[K/opt/ros/humble/include/nav_msgs/nav_msgs/msg/detail/occupancy_grid__struct.hpp:22[m[K,
[10.441s]                  from [01m[K/opt/ros/humble/include/nav_msgs/nav_msgs/msg/occupancy_grid.hpp:7[m[K,
[10.441s]                  from [01m[K/mnt/nova_ssd/workspaces/navigation/src/dstar_main/include/dwa_main/dwa_main.h:5[m[K,
[10.441s]                  from [01m[K/mnt/nova_ssd/workspaces/navigation/src/dstar_main/src/dwa_main.cpp:1[m[K:
[10.441s] [01m[K/opt/ros/humble/include/geometry_msgs/geometry_msgs/msg/detail/point__struct.hpp:150:7:[m[K [01;36m[Knote: [m[Kâ€˜[01m[Kgeometry_msgs::msg::Point[m[Kâ€™ declared here
[10.442s]   150 | using [01;36m[KPoint[m[K =
[10.442s]       |       [01;36m[K^~~~~[m[K
[10.442s] [01m[K/mnt/nova_ssd/workspaces/navigation/src/dstar_main/src/dwa_main.cpp:145:18:[m[K [01;31m[Kerror: [m[Kvariable â€˜[01m[KdwaNode::Velocity best_velocity[m[Kâ€™ has initializer but incomplete type
[10.442s]   145 |         Velocity [01;31m[Kbest_velocity[m[K = find_best_velocity(robot_position, goal);
[10.442s]       |                  [01;31m[K^~~~~~~~~~~~~[m[K
[10.465s] [01m[K/mnt/nova_ssd/workspaces/navigation/src/dstar_main/src/dwa_main.cpp:145:69:[m[K [01;31m[Kerror: [m[Kâ€˜[01m[Kgoal[m[Kâ€™ was not declared in this scope
[10.465s]   145 |         Velocity best_velocity = find_best_velocity(robot_position, [01;31m[Kgoal[m[K);
[10.466s]       |                                                                     [01;31m[K^~~~[m[K
[10.467s] [01m[K/mnt/nova_ssd/workspaces/navigation/src/dstar_main/src/dwa_main.cpp:[m[K At global scope:
[10.467s] [01m[K/mnt/nova_ssd/workspaces/navigation/src/dstar_main/src/dwa_main.cpp:156:56:[m[K [01;31m[Kerror: [m[Kâ€˜[01m[Krobot_position[m[Kâ€™ has incomplete type
[10.467s]   156 | dwaNode::Velocity dwaNode::find_best_velocity([01;31m[KPosition robot_position[m[K, Position goal_position){
[10.467s]       |                                               [01;31m[K~~~~~~~~~^~~~~~~~~~~~~~[m[K
[10.467s] In file included from [01m[K/mnt/nova_ssd/workspaces/navigation/src/dstar_main/src/dwa_main.cpp:1[m[K:
[10.468s] [01m[K/mnt/nova_ssd/workspaces/navigation/src/dstar_main/include/dwa_main/dwa_main.h:63:16:[m[K [01;36m[Knote: [m[Kforward declaration of â€˜[01m[Kstruct dwaNode::Position[m[Kâ€™
[10.468s]    63 |         struct [01;36m[KPosition[m[K;
[10.468s]       |                [01;36m[K^~~~~~~~[m[K
[10.468s] [01m[K/mnt/nova_ssd/workspaces/navigation/src/dstar_main/src/dwa_main.cpp:156:81:[m[K [01;31m[Kerror: [m[Kâ€˜[01m[Kgoal_position[m[Kâ€™ has incomplete type
[10.468s]   156 | dwaNode::Velocity dwaNode::find_best_velocity(Position robot_position, [01;31m[KPosition goal_position[m[K){
[10.468s]       |                                                                        [01;31m[K~~~~~~~~~^~~~~~~~~~~~~[m[K
[10.468s] In file included from [01m[K/mnt/nova_ssd/workspaces/navigation/src/dstar_main/src/dwa_main.cpp:1[m[K:
[10.468s] [01m[K/mnt/nova_ssd/workspaces/navigation/src/dstar_main/include/dwa_main/dwa_main.h:63:16:[m[K [01;36m[Knote: [m[Kforward declaration of â€˜[01m[Kstruct dwaNode::Position[m[Kâ€™
[10.468s]    63 |         struct [01;36m[KPosition[m[K;
[10.468s]       |                [01;36m[K^~~~~~~~[m[K
[10.468s] [01m[K/mnt/nova_ssd/workspaces/navigation/src/dstar_main/src/dwa_main.cpp:156:94:[m[K [01;31m[Kerror: [m[Kreturn type â€˜[01m[Kstruct dwaNode::Velocity[m[Kâ€™ is incomplete
[10.469s]   156 | dwaNode::Velocity dwaNode::find_best_velocity(Position robot_position, Position goal_position[01;31m[K)[m[K{
[10.469s]       |                                                                                              [01;31m[K^[m[K
[10.469s] [01m[K/mnt/nova_ssd/workspaces/navigation/src/dstar_main/src/dwa_main.cpp:[m[K In member function â€˜[01m[Kvoid dwaNode::find_best_velocity(dwaNode::Position, dwaNode::Position)[m[Kâ€™:
[10.469s] [01m[K/mnt/nova_ssd/workspaces/navigation/src/dstar_main/src/dwa_main.cpp:158:14:[m[K [01;31m[Kerror: [m[Kaggregate â€˜[01m[KdwaNode::Velocity best_velocity[m[Kâ€™ has incomplete type and cannot be defined
[10.469s]   158 |     Velocity [01;31m[Kbest_velocity[m[K;
[10.469s]       |              [01;31m[K^~~~~~~~~~~~~[m[K
[10.469s] [01m[K/mnt/nova_ssd/workspaces/navigation/src/dstar_main/src/dwa_main.cpp:161:22:[m[K [01;31m[Kerror: [m[Kaggregate â€˜[01m[KdwaNode::Velocity velocity[m[Kâ€™ has incomplete type and cannot be defined
[10.469s]   161 |             Velocity [01;31m[Kvelocity[m[K;
[10.469s]       |                      [01;31m[K^~~~~~~~[m[K
[10.472s] [01m[K/mnt/nova_ssd/workspaces/navigation/src/dstar_main/src/dwa_main.cpp:156:81:[m[K [01;35m[Kwarning: [m[Kunused parameter â€˜[01m[Kgoal_position[m[Kâ€™ [[01;35m[K]8;;https://gcc.gnu.org/onlinedocs/gcc/Warning-Options.html#index-Wunused-parameter-Wunused-parameter]8;;[m[K]
[10.472s]   156 | dwaNode::Velocity dwaNode::find_best_velocity(Position robot_position, [01;35m[KPosition goal_position[m[K){
[10.472s]       |                                                                        [01;35m[K~~~~~~~~~^~~~~~~~~~~~~[m[K
[10.477s] [01m[K/mnt/nova_ssd/workspaces/navigation/src/dstar_main/src/dwa_main.cpp:[m[K At global scope:
[10.477s] [01m[K/mnt/nova_ssd/workspaces/navigation/src/dstar_main/src/dwa_main.cpp:174:1:[m[K [01;31m[Kerror: [m[Kâ€˜[01m[KPoint[m[Kâ€™ does not name a type
[10.477s]   174 | [01;31m[KPoint[m[K dwaNode::solve_path(){
[10.477s]       | [01;31m[K^~~~~[m[K
[10.477s] [01m[K/mnt/nova_ssd/workspaces/navigation/src/dstar_main/src/dwa_main.cpp:[m[K In member function â€˜[01m[Kvoid dwaNode::solve_grid()[m[Kâ€™:
[10.477s] [01m[K/mnt/nova_ssd/workspaces/navigation/src/dstar_main/src/dwa_main.cpp:193:42:[m[K [01;31m[Kerror: [m[Kexpected unqualified-id before â€˜[01m[K=[m[Kâ€™ token
[10.478s]   193 |     geometry_msgs::msg::TransformStamped [01;31m[K=[m[K get_transform(static_frame, map_frame);
[10.478s]       |                                          [01;31m[K^[m[K
[10.479s] [01m[K/mnt/nova_ssd/workspaces/navigation/src/dstar_main/src/dwa_main.cpp:203:73:[m[K [01;31m[Kerror: [m[Kcannot convert â€˜[01m[K<unresolved overloaded function type>[m[Kâ€™ to â€˜[01m[Kgeometry_msgs::msg::TransformStamped[m[Kâ€™ {aka â€˜[01m[Kgeometry_msgs::msg::TransformStamped_<std::allocator<void> >[m[Kâ€™}
[10.480s]   203 |             geometry_msgs::msg::Point transformed_point = [01;31m[KtransformPoint(point, static_frame, map_frame, transform)[m[K;
[10.480s]       |                                                           [01;31m[K~~~~~~~~~~~~~~^~~~~~~~~~~~~~~~~~~~~~~~~~~~~~~~~~~~~~~~~~~[m[K
[10.480s] [01m[K/mnt/nova_ssd/workspaces/navigation/src/dstar_main/src/dwa_main.cpp:110:194:[m[K [01;36m[Knote: [m[K  initializing argument 4 of â€˜[01m[Kgeometry_msgs::msg::Point dwaNode::transformPoint(const Point&, const string&, const string&, geometry_msgs::msg::TransformStamped)[m[Kâ€™
[10.480s]   110 | geometry_msgs::msg::Point dwaNode::transformPoint(const geometry_msgs::msg::Point& point, const std::string& target_frame, const std::string& source_frame, [01;36m[Kgeometry_msgs::msg::TransformStamped transformStamped[m[K) {
[10.480s]       |                                                                                                                                                             [01;36m[K~~~~~~~~~~~~~~~~~~~~~~~~~~~~~~~~~~~~~^~~~~~~~~~~~~~~~[m[K
[10.480s] [01m[K/mnt/nova_ssd/workspaces/navigation/src/dstar_main/src/dwa_main.cpp:[m[K At global scope:
[10.480s] [01m[K/mnt/nova_ssd/workspaces/navigation/src/dstar_main/src/dwa_main.cpp:225:2:[m[K [01;31m[Kerror: [m[Kexpected â€˜[01m[K;[m[Kâ€™ after struct definition
[10.480s]   225 | }
[10.481s]       |  [01;31m[K^[m[K
[10.481s]       |  [32m[K;[m[K
[10.485s] [01m[K/mnt/nova_ssd/workspaces/navigation/src/dstar_main/src/dwa_main.cpp:238:1:[m[K [01;31m[Kerror: [m[Kâ€˜[01m[KPosition[m[Kâ€™ does not name a type
[10.485s]   238 | [01;31m[KPosition[m[K dwaNode::get_current_position(){
[10.485s]       | [01;31m[K^~~~~~~~[m[K
[10.504s] [01m[K/mnt/nova_ssd/workspaces/navigation/src/dstar_main/src/dwa_main.cpp:247:8:[m[K [01;31m[Kerror: [m[Kâ€˜[01m[KPosition[m[Kâ€™ was not declared in this scope
[10.504s]   247 | vector<[01;31m[KPosition[m[K> dwaNode::get_trajectory(Position robot_position, Velocity robot_velocity){
[10.505s]       |        [01;31m[K^~~~~~~~[m[K
[10.505s] [01m[K/mnt/nova_ssd/workspaces/navigation/src/dstar_main/src/dwa_main.cpp:247:16:[m[K [01;31m[Kerror: [m[Ktemplate argument 1 is invalid
[10.505s]   247 | vector<Position[01;31m[K>[m[K dwaNode::get_trajectory(Position robot_position, Velocity robot_velocity){
[10.505s]       |                [01;31m[K^[m[K
[10.505s] [01m[K/mnt/nova_ssd/workspaces/navigation/src/dstar_main/src/dwa_main.cpp:247:16:[m[K [01;31m[Kerror: [m[Ktemplate argument 2 is invalid
[10.505s] [01m[K/mnt/nova_ssd/workspaces/navigation/src/dstar_main/src/dwa_main.cpp:247:18:[m[K [01;31m[Kerror: [m[Kno declaration matches â€˜[01m[Kint dwaNode::get_trajectory(dwaNode::Position, dwaNode::Velocity)[m[Kâ€™
[10.505s]   247 | vector<Position> [01;31m[KdwaNode[m[K::get_trajectory(Position robot_position, Velocity robot_velocity){
[10.505s]       |                  [01;31m[K^~~~~~~[m[K
[10.505s] In file included from [01m[K/mnt/nova_ssd/workspaces/navigation/src/dstar_main/src/dwa_main.cpp:1[m[K:
[10.505s] [01m[K/mnt/nova_ssd/workspaces/navigation/src/dstar_main/include/dwa_main/dwa_main.h:70:26:[m[K [01;36m[Knote: [m[Kcandidate is: â€˜[01m[Kstd::vector<dwaNode::Position> dwaNode::get_trajectory(dwaNode::Position, dwaNode::Velocity)[m[Kâ€™
[10.506s]    70 |         vector<Position> [01;36m[Kget_trajectory[m[K(Position robot_position, Velocity robot_velocity);
[10.506s]       |                          [01;36m[K^~~~~~~~~~~~~~[m[K
[10.506s] In file included from [01m[K/mnt/nova_ssd/workspaces/navigation/src/dstar_main/src/dwa_main.cpp:1[m[K:
[10.506s] [01m[K/mnt/nova_ssd/workspaces/navigation/src/dstar_main/include/dwa_main/dwa_main.h:34:7:[m[K [01;36m[Knote: [m[Kâ€˜[01m[Kclass dwaNode[m[Kâ€™ defined here
[10.506s]    34 | class [01;36m[KdwaNode[m[K : public rclcpp::Node{
[10.506s]       |       [01;36m[K^~~~~~~[m[K
[10.506s] [01m[K/mnt/nova_ssd/workspaces/navigation/src/dstar_main/src/dwa_main.cpp:[m[K In member function â€˜[01m[Kdouble dwaNode::evaluate_trajectory(std::vector<dwaNode::Position>)[m[Kâ€™:
[10.506s] [01m[K/mnt/nova_ssd/workspaces/navigation/src/dstar_main/src/dwa_main.cpp:257:22:[m[K [01;35m[Kwarning: [m[Kcomparison of integer expressions of different signedness: â€˜[01m[Kint[m[Kâ€™ and â€˜[01m[Kstd::vector<dwaNode::Position>::size_type[m[Kâ€™ {aka â€˜[01m[Klong unsigned int[m[Kâ€™} [[01;35m[K]8;;https://gcc.gnu.org/onlinedocs/gcc/Warning-Options.html#index-Wsign-compare-Wsign-compare]8;;[m[K]
[10.506s]   257 |     for(int i = 0; [01;35m[Ki < trajectory.size()[m[K; i++){
[10.506s]       |                    [01;35m[K~~^~~~~~~~~~~~~~~~~~~[m[K
[10.532s] [01m[K/mnt/nova_ssd/workspaces/navigation/src/dstar_main/src/dwa_main.cpp:259:22:[m[K [01;31m[Kerror: [m[Kâ€˜[01m[Kmap_orin_x[m[Kâ€™ was not declared in this scope; did you mean â€˜[01m[Kmap_origin_x[m[Kâ€™?
[10.532s]   259 |         int x = (p.x-[01;31m[Kmap_orin_x[m[K) / map_resolution, y = (p.y-map_orin_y) / map_resolution;
[10.532s]       |                      [01;31m[K^~~~~~~~~~[m[K
[10.532s]       |                      [32m[Kmap_origin_x[m[K
[10.533s] [01m[K/mnt/nova_ssd/workspaces/navigation/src/dstar_main/src/dwa_main.cpp:260:28:[m[K [01;31m[Kerror: [m[Kâ€˜[01m[Ky[m[Kâ€™ was not declared in this scope; did you mean â€˜[01m[Kpcl::fields::y[m[Kâ€™?
[10.533s]   260 |         cost += costmap[x][[01;31m[Ky[m[K];
[10.533s]       |                            [01;31m[K^[m[K
[10.534s]       |                            [32m[Kpcl::fields::y[m[K
[10.534s] In file included from [01m[K/usr/include/boost/preprocessor/tuple/elem.hpp:23[m[K,
[10.534s]                  from [01m[K/usr/include/boost/preprocessor/arithmetic/add.hpp:21[m[K,
[10.534s]                  from [01m[K/usr/include/boost/mpl/aux_/preprocessor/def_params_tail.hpp:66[m[K,
[10.534s]                  from [01m[K/usr/include/boost/mpl/aux_/na_spec.hpp:28[m[K,
[10.534s]                  from [01m[K/usr/include/boost/mpl/not.hpp:20[m[K,
[10.534s]                  from [01m[K/usr/include/boost/mpl/assert.hpp:17[m[K,
[10.534s]                  from [01m[K/usr/include/pcl-1.12/pcl/point_struct_traits.h:40[m[K,
[10.534s]                  from [01m[K/usr/include/pcl-1.12/pcl/type_traits.h:40[m[K,
[10.534s]                  from [01m[K/usr/include/pcl-1.12/pcl/memory.h:46[m[K,
[10.534s]                  from [01m[K/usr/include/pcl-1.12/pcl/PCLHeader.h:3[m[K,
[10.535s]                  from [01m[K/usr/include/pcl-1.12/pcl/point_cloud.h:47[m[K,
[10.535s]                  from [01m[K/mnt/nova_ssd/workspaces/navigation/src/dstar_main/include/dwa_main/dwa_main.h:17[m[K,
[10.535s]                  from [01m[K/mnt/nova_ssd/workspaces/navigation/src/dstar_main/src/dwa_main.cpp:1[m[K:
[10.535s] [01m[K/usr/include/pcl-1.12/pcl/impl/point_types.hpp:1941:1:[m[K [01;36m[Knote: [m[Kâ€˜[01m[Kpcl::fields::y[m[Kâ€™ declared here
[10.535s]  1941 | [01;36m[KPOINT_CLOUD_REGISTER_POINT_STRUCT[m[K (pcl::_PointXYZ,
[10.535s]       | [01;36m[K^~~~~~~~~~~~~~~~~~~~~~~~~~~~~~~~~[m[K
[10.556s] [01m[K/mnt/nova_ssd/workspaces/navigation/src/dstar_main/src/dwa_main.cpp:262:44:[m[K [01;31m[Kerror: [m[Kâ€˜[01m[Kgoal[m[Kâ€™ was not declared in this scope
[10.556s]   262 |     cost += sqrt(pow(trajectory.back().x - [01;31m[Kgoal[m[K.x, 2) + pow(trajectory.back().y - goal.y, 2));
[10.557s]       |                                            [01;31m[K^~~~[m[K
[15.822s] gmake[2]: *** [CMakeFiles/dwa_main.dir/build.make:76: CMakeFiles/dwa_main.dir/src/dwa_main.cpp.o] Error 1
[15.822s] gmake[1]: *** [CMakeFiles/Makefile2:165: CMakeFiles/dwa_main.dir/all] Error 2
[15.822s] gmake: *** [Makefile:146: all] Error 2
[15.826s] Invoked command in '/mnt/nova_ssd/workspaces/navigation/build/dstar_main' returned '2': CMAKE_PREFIX_PATH=/mnt/nova_ssd/workspaces/navigation/install/dwa_main:/mnt/nova_ssd/workspaces/navigation/install/dstar_main:/mnt/nova_ssd/workspaces/navigation/install/costmap_converter:/mnt/nova_ssd/workspaces/navigation/install/costmap_converter_msgs:/mnt/nova_ssd/workspaces/scout/install/scout_base:/opt/ros/humble:/mnt/nova_ssd/workspaces/scout/install/ugv_sdk:/mnt/nova_ssd/workspaces/scout/install/scout_msgs:/mnt/nova_ssd/workspaces/scout/install/scout_description /usr/bin/cmake --build /mnt/nova_ssd/workspaces/navigation/build/dstar_main -- -j12 -l12
