[0.017s] Invoking command in '/mnt/nova_ssd/workspaces/navigation/src/build/dwa_main': CMAKE_PREFIX_PATH=/opt/ros/humble /usr/bin/cmake --build /mnt/nova_ssd/workspaces/navigation/src/build/dwa_main -- -j12 -l12
[0.080s] [35m[1mConsolidate compiler generated dependencies of target dwa_main[0m
[0.116s] [ 50%] [32mBuilding CXX object CMakeFiles/dwa_main.dir/src/dwa_local_planner.cpp.o[0m
[4.168s] [01m[K/mnt/nova_ssd/workspaces/navigation/src/dwa_main/src/dwa_local_planner.cpp:[m[K In member function â€˜[01m[Kstd::vector<std::pair<double, double> > DwaLocalPlanner::generate_trajectory(double, double)[m[Kâ€™:
[4.168s] [01m[K/mnt/nova_ssd/workspaces/navigation/src/dwa_main/src/dwa_local_planner.cpp:213:29:[m[K [01;31m[Kerror: [m[Kâ€˜[01m[KgetYaw[m[Kâ€™ is not a member of â€˜[01m[Ktf2[m[Kâ€™
[4.168s]   213 |         double theta = tf2::[01;31m[KgetYaw[m[K(current_pose_.orientation);
[4.169s]       |                             [01;31m[K^~~~~~[m[K
[12.090s] gmake[2]: *** [CMakeFiles/dwa_main.dir/build.make:76: CMakeFiles/dwa_main.dir/src/dwa_local_planner.cpp.o] Error 1
[12.090s] gmake[1]: *** [CMakeFiles/Makefile2:137: CMakeFiles/dwa_main.dir/all] Error 2
[12.091s] gmake: *** [Makefile:146: all] Error 2
[12.094s] Invoked command in '/mnt/nova_ssd/workspaces/navigation/src/build/dwa_main' returned '2': CMAKE_PREFIX_PATH=/opt/ros/humble /usr/bin/cmake --build /mnt/nova_ssd/workspaces/navigation/src/build/dwa_main -- -j12 -l12
