[0.021s] Invoking command in '/mnt/nova_ssd/workspaces/scout/build/scout_msgs': /usr/bin/cmake --build /mnt/nova_ssd/workspaces/scout/build/scout_msgs -- -j12 -l12
[0.139s] -- Found ament_cmake: 1.3.9 (/opt/ros/humble/share/ament_cmake/cmake)
[0.352s] Traceback (most recent call last):
[0.352s]   File "/opt/ros/humble/share/ament_cmake_core/cmake/package_templates/templates_2_cmake.py", line 21, in <module>
[0.352s]     from ament_package.templates import get_environment_hook_template_path
[0.352s] ModuleNotFoundError: No module named 'ament_package'
[0.375s] [31mCMake Error at /opt/ros/humble/share/ament_cmake_core/cmake/ament_cmake_package_templates-extras.cmake:41 (message):
[0.375s]   execute_process(/usr/bin/python3
[0.375s]   /opt/ros/humble/share/ament_cmake_core/cmake/package_templates/templates_2_cmake.py
[0.375s]   /mnt/nova_ssd/workspaces/scout/build/scout_msgs/ament_cmake_package_templates/templates.cmake)
[0.375s]   returned error code 1
[0.375s] Call Stack (most recent call first):
[0.376s]   /opt/ros/humble/share/ament_cmake_core/cmake/ament_cmake_coreConfig.cmake:41 (include)
[0.376s]   /opt/ros/humble/share/ament_cmake/cmake/ament_cmake_export_dependencies-extras.cmake:15 (find_package)
[0.376s]   /opt/ros/humble/share/ament_cmake/cmake/ament_cmakeConfig.cmake:41 (include)
[0.376s]   CMakeLists.txt:14 (find_package)
[0.376s] 
[0.376s] [0m
[0.376s] -- Configuring incomplete, errors occurred!
[0.376s] See also "/mnt/nova_ssd/workspaces/scout/build/scout_msgs/CMakeFiles/CMakeOutput.log".
[0.379s] gmake: *** [Makefile:1611: cmake_check_build_system] Error 1
[0.383s] Invoked command in '/mnt/nova_ssd/workspaces/scout/build/scout_msgs' returned '2': /usr/bin/cmake --build /mnt/nova_ssd/workspaces/scout/build/scout_msgs -- -j12 -l12
