[35m[1mConsolidate compiler generated dependencies of target dwa_main[0m
[ 50%] [32mBuilding CXX object CMakeFiles/dwa_main.dir/src/dwa_local_planner.cpp.o[0m
In file included from [01m[K/mnt/nova_ssd/workspaces/navigation/src/dwa_main/src/dwa_local_planner.cpp:11[m[K:
[01m[K/opt/ros/humble/include/tf2_geometry_msgs/tf2_geometry_msgs/tf2_geometry_msgs.h:35:2:[m[K [01;35m[Kwarning: [m[K#warning This header is obsolete, please include tf2_geometry_msgs/tf2_geometry_msgs.hpp instead [[01;35m[K]8;;https://gcc.gnu.org/onlinedocs/gcc/Warning-Options.html#index-Wcpp-Wcpp]8;;[m[K]
   35 | #[01;35m[Kwarning[m[K This header is obsolete, please include tf2_geometry_msgs/tf2_geometry_msgs.hpp instead
      |  [01;35m[K^~~~~~~[m[K
[01m[K/mnt/nova_ssd/workspaces/navigation/src/dwa_main/src/dwa_local_planner.cpp:[m[K In member function â€˜[01m[Kvoid DwaLocalPlanner::local_costmap_callback(nav_msgs::msg::OccupancyGrid_<std::allocator<void> >::SharedPtr)[m[Kâ€™:
[01m[K/mnt/nova_ssd/workspaces/navigation/src/dwa_main/src/dwa_local_planner.cpp:116:32:[m[K [01;31m[Kerror: [m[Kâ€˜[01m[Ktf_buffer[m[Kâ€™ was not declared in this scope; did you mean â€˜[01m[Ktf_buffer_[m[Kâ€™?
  116 |             transformStamped = [01;31m[Ktf_buffer[m[K.lookupTransform(world_frame_, local_costmap_.header.frame_id, tf2::TimePointZero);
      |                                [01;31m[K^~~~~~~~~[m[K
      |                                [32m[Ktf_buffer_[m[K
gmake[2]: *** [CMakeFiles/dwa_main.dir/build.make:76: CMakeFiles/dwa_main.dir/src/dwa_local_planner.cpp.o] Error 1
gmake[1]: *** [CMakeFiles/Makefile2:137: CMakeFiles/dwa_main.dir/all] Error 2
gmake: *** [Makefile:146: all] Error 2
