[35m[1mConsolidate compiler generated dependencies of target dwa_main[0m
[ 50%] [32mBuilding CXX object CMakeFiles/dwa_main.dir/src/dwa_local_planner.cpp.o[0m
[01m[K/mnt/nova_ssd/workspaces/navigation/src/dwa_main/src/dwa_local_planner.cpp:[m[K In member function â€˜[01m[Kstd::vector<std::pair<double, double> > DwaLocalPlanner::generate_trajectory(double, double)[m[Kâ€™:
[01m[K/mnt/nova_ssd/workspaces/navigation/src/dwa_main/src/dwa_local_planner.cpp:213:29:[m[K [01;31m[Kerror: [m[Kâ€˜[01m[KgetYaw[m[Kâ€™ is not a member of â€˜[01m[Ktf2[m[Kâ€™
  213 |         double theta = tf2::[01;31m[KgetYaw[m[K(current_pose_.orientation);
      |                             [01;31m[K^~~~~~[m[K
gmake[2]: *** [CMakeFiles/dwa_main.dir/build.make:76: CMakeFiles/dwa_main.dir/src/dwa_local_planner.cpp.o] Error 1
gmake[1]: *** [CMakeFiles/Makefile2:137: CMakeFiles/dwa_main.dir/all] Error 2
gmake: *** [Makefile:146: all] Error 2
