[01m[K/mnt/nova_ssd/workspaces/navigation/src/dwa_main/src/dwa_local_planner.cpp:[m[K In constructor â€˜[01m[KDwaLocalPlanner::DwaLocalPlanner()[m[Kâ€™:
[01m[K/mnt/nova_ssd/workspaces/navigation/src/dwa_main/src/dwa_local_planner.cpp:54:52:[m[K [01;31m[Kerror: [m[Kâ€˜[01m[Klocal_costmap_topic_[m[Kâ€™ was not declared in this scope; did you mean â€˜[01m[Klocal_costmap_frame_[m[Kâ€™?
   54 |         this->get_parameter("local_costmap_topic", [01;31m[Klocal_costmap_topic_[m[K);
      |                                                    [01;31m[K^~~~~~~~~~~~~~~~~~~~[m[K
      |                                                    [32m[Klocal_costmap_frame_[m[K
[01m[K/mnt/nova_ssd/workspaces/navigation/src/dwa_main/src/dwa_local_planner.cpp:[m[K In member function â€˜[01m[Kstd::optional<geometry_msgs::msg::Pose_<std::allocator<void> > > DwaLocalPlanner::get_target_point()[m[Kâ€™:
[01m[K/mnt/nova_ssd/workspaces/navigation/src/dwa_main/src/dwa_local_planner.cpp:145:16:[m[K [01;35m[Kwarning: [m[Kunused variable â€˜[01m[Kmin_distance[m[Kâ€™ [[01;35m[K]8;;https://gcc.gnu.org/onlinedocs/gcc/Warning-Options.html#index-Wunused-variable-Wunused-variable]8;;[m[K]
  145 |         double [01;35m[Kmin_distance[m[K = std::numeric_limits<double>::max();
      |                [01;35m[K^~~~~~~~~~~~[m[K
[01m[K/mnt/nova_ssd/workspaces/navigation/src/dwa_main/src/dwa_local_planner.cpp:[m[K In member function â€˜[01m[Kstd::vector<std::pair<double, double> > DwaLocalPlanner::generate_trajectory(double, double)[m[Kâ€™:
[01m[K/mnt/nova_ssd/workspaces/navigation/src/dwa_main/src/dwa_local_planner.cpp:214:29:[m[K [01;31m[Kerror: [m[Kâ€˜[01m[KgetYaw[m[Kâ€™ is not a member of â€˜[01m[Ktf2[m[Kâ€™
  214 |         double theta = tf2::[01;31m[KgetYaw[m[K(current_pose_.orientation);
      |                             [01;31m[K^~~~~~[m[K
gmake[2]: *** [CMakeFiles/dwa_main.dir/build.make:76: CMakeFiles/dwa_main.dir/src/dwa_local_planner.cpp.o] Error 1
gmake[1]: *** [CMakeFiles/Makefile2:137: CMakeFiles/dwa_main.dir/all] Error 2
gmake: *** [Makefile:146: all] Error 2
