[0.019s] Invoking command in '/mnt/nova_ssd/workspaces/navigation/src/build/dwa_main': CMAKE_PREFIX_PATH=/opt/ros/humble /usr/bin/cmake /mnt/nova_ssd/workspaces/navigation/src/dwa_main -DCMAKE_INSTALL_PREFIX=/mnt/nova_ssd/workspaces/navigation/src/install/dwa_main
[0.187s] -- The C compiler identification is GNU 11.4.0
[0.325s] -- The CXX compiler identification is GNU 11.4.0
[0.354s] -- Detecting C compiler ABI info
[0.476s] -- Detecting C compiler ABI info - done
[0.500s] -- Check for working C compiler: /usr/bin/cc - skipped
[0.501s] -- Detecting C compile features
[0.503s] -- Detecting C compile features - done
[0.514s] -- Detecting CXX compiler ABI info
[0.633s] -- Detecting CXX compiler ABI info - done
[0.646s] -- Check for working CXX compiler: /usr/bin/c++ - skipped
[0.647s] -- Detecting CXX compile features
[0.647s] -- Detecting CXX compile features - done
[0.652s] -- Found ament_cmake: 1.3.9 (/opt/ros/humble/share/ament_cmake/cmake)
[0.918s] -- Found Python3: /usr/bin/python3 (found version "3.10.12") found components: Interpreter 
[1.142s] -- Found rclcpp: 16.0.9 (/opt/ros/humble/share/rclcpp/cmake)
[1.281s] -- Found rosidl_generator_c: 3.1.5 (/opt/ros/humble/share/rosidl_generator_c/cmake)
[1.294s] -- Found rosidl_adapter: 3.1.5 (/opt/ros/humble/share/rosidl_adapter/cmake)
[1.315s] -- Found rosidl_generator_cpp: 3.1.5 (/opt/ros/humble/share/rosidl_generator_cpp/cmake)
[1.343s] -- Using all available rosidl_typesupport_c: rosidl_typesupport_fastrtps_c;rosidl_typesupport_introspection_c
[1.381s] -- Using all available rosidl_typesupport_cpp: rosidl_typesupport_fastrtps_cpp;rosidl_typesupport_introspection_cpp
[1.500s] -- Found rmw_implementation_cmake: 6.1.2 (/opt/ros/humble/share/rmw_implementation_cmake/cmake)
[1.506s] -- Found rmw_fastrtps_cpp: 6.2.6 (/opt/ros/humble/share/rmw_fastrtps_cpp/cmake)
[1.674s] -- Found OpenSSL: /usr/lib/aarch64-linux-gnu/libcrypto.so (found version "3.0.2")  
[1.725s] -- Found FastRTPS: /opt/ros/humble/include  
[1.801s] -- Using RMW implementation 'rmw_fastrtps_cpp' as default
[1.819s] -- Looking for pthread.h
[1.927s] -- Looking for pthread.h - found
[1.927s] -- Performing Test CMAKE_HAVE_LIBC_PTHREAD
[2.043s] -- Performing Test CMAKE_HAVE_LIBC_PTHREAD - Success
[2.046s] -- Found Threads: TRUE  
[2.370s] -- Found nav_msgs: 4.2.4 (/opt/ros/humble/share/nav_msgs/cmake)
[2.547s] -- Found sensor_msgs: 4.2.4 (/opt/ros/humble/share/sensor_msgs/cmake)
[2.662s] -- Found tf2: 0.25.7 (/opt/ros/humble/share/tf2/cmake)
[2.684s] -- Found tf2_geometry_msgs: 0.25.7 (/opt/ros/humble/share/tf2_geometry_msgs/cmake)
[2.707s] -- Found eigen3_cmake_module: 0.1.1 (/opt/ros/humble/share/eigen3_cmake_module/cmake)
[2.709s] -- Found Eigen3: TRUE (found version "3.4.0") 
[2.709s] -- Ensuring Eigen3 include directory is part of orocos-kdl CMake target
[3.198s] -- Found ament_lint_auto: 0.12.11 (/opt/ros/humble/share/ament_lint_auto/cmake)
[3.336s] -- Added test 'cppcheck' to perform static code analysis on C / C++ code
[3.336s] -- Configured cppcheck include dirs: /mnt/nova_ssd/workspaces/navigation/src/dwa_main/include
[3.336s] -- Configured cppcheck exclude dirs and/or files: 
[3.337s] -- Added test 'flake8' to check Python code syntax and style conventions
[3.338s] -- Added test 'lint_cmake' to check CMake code style
[3.339s] -- Added test 'pep257' to check Python code against some of the docstring style conventions in PEP 257
[3.341s] -- Added test 'uncrustify' to check C / C++ code style
[3.341s] -- Configured uncrustify additional arguments: 
[3.342s] -- Added test 'xmllint' to check XML markup files
[3.344s] -- Configuring done
[3.371s] -- Generating done
[3.375s] -- Build files have been written to: /mnt/nova_ssd/workspaces/navigation/src/build/dwa_main
[3.397s] Invoked command in '/mnt/nova_ssd/workspaces/navigation/src/build/dwa_main' returned '0': CMAKE_PREFIX_PATH=/opt/ros/humble /usr/bin/cmake /mnt/nova_ssd/workspaces/navigation/src/dwa_main -DCMAKE_INSTALL_PREFIX=/mnt/nova_ssd/workspaces/navigation/src/install/dwa_main
[3.400s] Invoking command in '/mnt/nova_ssd/workspaces/navigation/src/build/dwa_main': CMAKE_PREFIX_PATH=/opt/ros/humble /usr/bin/cmake --build /mnt/nova_ssd/workspaces/navigation/src/build/dwa_main -- -j12 -l12
[3.482s] [ 50%] [32mBuilding CXX object CMakeFiles/dwa_main.dir/src/dwa_local_planner.cpp.o[0m
[7.559s] [01m[K/mnt/nova_ssd/workspaces/navigation/src/dwa_main/src/dwa_local_planner.cpp:[m[K In constructor â€˜[01m[KDwaLocalPlanner::DwaLocalPlanner()[m[Kâ€™:
[7.559s] [01m[K/mnt/nova_ssd/workspaces/navigation/src/dwa_main/src/dwa_local_planner.cpp:54:52:[m[K [01;31m[Kerror: [m[Kâ€˜[01m[Klocal_costmap_topic_[m[Kâ€™ was not declared in this scope; did you mean â€˜[01m[Klocal_costmap_frame_[m[Kâ€™?
[7.559s]    54 |         this->get_parameter("local_costmap_topic", [01;31m[Klocal_costmap_topic_[m[K);
[7.559s]       |                                                    [01;31m[K^~~~~~~~~~~~~~~~~~~~[m[K
[7.559s]       |                                                    [32m[Klocal_costmap_frame_[m[K
[7.629s] [01m[K/mnt/nova_ssd/workspaces/navigation/src/dwa_main/src/dwa_local_planner.cpp:[m[K In member function â€˜[01m[Kstd::optional<geometry_msgs::msg::Pose_<std::allocator<void> > > DwaLocalPlanner::get_target_point()[m[Kâ€™:
[7.629s] [01m[K/mnt/nova_ssd/workspaces/navigation/src/dwa_main/src/dwa_local_planner.cpp:145:16:[m[K [01;35m[Kwarning: [m[Kunused variable â€˜[01m[Kmin_distance[m[Kâ€™ [[01;35m[K]8;;https://gcc.gnu.org/onlinedocs/gcc/Warning-Options.html#index-Wunused-variable-Wunused-variable]8;;[m[K]
[7.629s]   145 |         double [01;35m[Kmin_distance[m[K = std::numeric_limits<double>::max();
[7.629s]       |                [01;35m[K^~~~~~~~~~~~[m[K
[7.639s] [01m[K/mnt/nova_ssd/workspaces/navigation/src/dwa_main/src/dwa_local_planner.cpp:[m[K In member function â€˜[01m[Kstd::vector<std::pair<double, double> > DwaLocalPlanner::generate_trajectory(double, double)[m[Kâ€™:
[7.639s] [01m[K/mnt/nova_ssd/workspaces/navigation/src/dwa_main/src/dwa_local_planner.cpp:214:29:[m[K [01;31m[Kerror: [m[Kâ€˜[01m[KgetYaw[m[Kâ€™ is not a member of â€˜[01m[Ktf2[m[Kâ€™
[7.639s]   214 |         double theta = tf2::[01;31m[KgetYaw[m[K(current_pose_.orientation);
[7.639s]       |                             [01;31m[K^~~~~~[m[K
[13.235s] gmake[2]: *** [CMakeFiles/dwa_main.dir/build.make:76: CMakeFiles/dwa_main.dir/src/dwa_local_planner.cpp.o] Error 1
[13.235s] gmake[1]: *** [CMakeFiles/Makefile2:137: CMakeFiles/dwa_main.dir/all] Error 2
[13.235s] gmake: *** [Makefile:146: all] Error 2
[13.239s] Invoked command in '/mnt/nova_ssd/workspaces/navigation/src/build/dwa_main' returned '2': CMAKE_PREFIX_PATH=/opt/ros/humble /usr/bin/cmake --build /mnt/nova_ssd/workspaces/navigation/src/build/dwa_main -- -j12 -l12
