[0.028s] Invoking command in '/mnt/nova_ssd/workspaces/navigation/build/dwa_main': CMAKE_PREFIX_PATH=${CMAKE_PREFIX_PATH}:/opt/ros/humble /usr/bin/cmake --build /mnt/nova_ssd/workspaces/navigation/build/dwa_main -- -j12 -l12
[0.091s] [35m[1mConsolidate compiler generated dependencies of target dwa_main[0m
[0.148s] [ 50%] [32mBuilding CXX object CMakeFiles/dwa_main.dir/src/dwa_local_planner.cpp.o[0m
[5.363s] [01m[K/mnt/nova_ssd/workspaces/navigation/src/dwa_main/src/dwa_local_planner.cpp:[m[K In member function â€˜[01m[Kstd::optional<geometry_msgs::msg::Pose_<std::allocator<void> > > DwaLocalPlanner::get_target_point()[m[Kâ€™:
[5.363s] [01m[K/mnt/nova_ssd/workspaces/navigation/src/dwa_main/src/dwa_local_planner.cpp:186:9:[m[K [01;31m[Kerror: [m[Kreturn-statement with no value, in function returning â€˜[01m[Kstd::optional<geometry_msgs::msg::Pose_<std::allocator<void> > >[m[Kâ€™ [[01;31m[K]8;;https://gcc.gnu.org/onlinedocs/gcc/Warning-Options.html#index-fpermissive-fpermissive]8;;[m[K]
[5.363s]   186 |         [01;31m[Kreturn[m[K;
[5.364s]       |         [01;31m[K^~~~~~[m[K
[14.934s] gmake[2]: *** [CMakeFiles/dwa_main.dir/build.make:76: CMakeFiles/dwa_main.dir/src/dwa_local_planner.cpp.o] Error 1
[14.935s] gmake[1]: *** [CMakeFiles/Makefile2:137: CMakeFiles/dwa_main.dir/all] Error 2
[14.935s] gmake: *** [Makefile:146: all] Error 2
[14.942s] Invoked command in '/mnt/nova_ssd/workspaces/navigation/build/dwa_main' returned '2': CMAKE_PREFIX_PATH=${CMAKE_PREFIX_PATH}:/opt/ros/humble /usr/bin/cmake --build /mnt/nova_ssd/workspaces/navigation/build/dwa_main -- -j12 -l12
