[35m[1mConsolidate compiler generated dependencies of target kalman_filter_node[0m
[ 50%] [32mBuilding CXX object CMakeFiles/kalman_filter_node.dir/src/kalman_filter_node.cpp.o[0m
[01m[K/mnt/nova_ssd/workspaces/pcl_ws/src/kalman_filter_pkg/src/kalman_filter_node.cpp:[m[K In member function â€˜[01m[Kvoid KalmanFilterNode::pointCloudCallback(sensor_msgs::msg::PointCloud2_<std::allocator<void> >::SharedPtr)[m[Kâ€™:
[01m[K/mnt/nova_ssd/workspaces/pcl_ws/src/kalman_filter_pkg/src/kalman_filter_node.cpp:51:21:[m[K [01;31m[Kerror: [m[Kâ€˜[01m[KKalmanFilter[m[Kâ€™ was not declared in this scope; did you mean â€˜[01m[Kcv::KalmanFilter[m[Kâ€™?
   51 |         std::vector<[01;31m[KKalmanFilter[m[K> kalmanFilters(5);
      |                     [01;31m[K^~~~~~~~~~~~[m[K
      |                     [32m[Kcv::KalmanFilter[m[K
In file included from [01m[K/mnt/nova_ssd/workspaces/pcl_ws/src/kalman_filter_pkg/src/kalman_filter_node.cpp:12[m[K:
[01m[K/usr/include/opencv4/opencv2/video/tracking.hpp:360:20:[m[K [01;36m[Knote: [m[Kâ€˜[01m[Kcv::KalmanFilter[m[Kâ€™ declared here
  360 | class CV_EXPORTS_W [01;36m[KKalmanFilter[m[K
      |                    [01;36m[K^~~~~~~~~~~~[m[K
[01m[K/mnt/nova_ssd/workspaces/pcl_ws/src/kalman_filter_pkg/src/kalman_filter_node.cpp:51:33:[m[K [01;31m[Kerror: [m[Ktemplate argument 1 is invalid
   51 |         std::vector<KalmanFilter[01;31m[K>[m[K kalmanFilters(5);
      |                                 [01;31m[K^[m[K
[01m[K/mnt/nova_ssd/workspaces/pcl_ws/src/kalman_filter_pkg/src/kalman_filter_node.cpp:51:33:[m[K [01;31m[Kerror: [m[Ktemplate argument 2 is invalid
[01m[K/mnt/nova_ssd/workspaces/pcl_ws/src/kalman_filter_pkg/src/kalman_filter_node.cpp:51:35:[m[K [01;35m[Kwarning: [m[Kunused variable â€˜[01m[KkalmanFilters[m[Kâ€™ [[01;35m[K]8;;https://gcc.gnu.org/onlinedocs/gcc/Warning-Options.html#index-Wunused-variable-Wunused-variable]8;;[m[K]
   51 |         std::vector<KalmanFilter> [01;35m[KkalmanFilters[m[K(5);
      |                                   [01;35m[K^~~~~~~~~~~~~[m[K
gmake[2]: *** [CMakeFiles/kalman_filter_node.dir/build.make:76: CMakeFiles/kalman_filter_node.dir/src/kalman_filter_node.cpp.o] Error 1
gmake[1]: *** [CMakeFiles/Makefile2:137: CMakeFiles/kalman_filter_node.dir/all] Error 2
gmake: *** [Makefile:146: all] Error 2
