[0.039s] Invoking command in '/mnt/nova_ssd/workspaces/navigation/build/dstar_main': CMAKE_PREFIX_PATH=/mnt/nova_ssd/workspaces/navigation/install/dwa_main:/mnt/nova_ssd/workspaces/navigation/install/dstar_main:/mnt/nova_ssd/workspaces/navigation/install/costmap_converter:/mnt/nova_ssd/workspaces/navigation/install/costmap_converter_msgs:/mnt/nova_ssd/workspaces/kiss-icp_ws/install/kiss_icp:/mnt/nova_ssd/workspaces/3d_lidar/src/ws_livox/install/livox_ros_driver2:/mnt/nova_ssd/workspaces/scout/install/scout_base:/mnt/nova_ssd/workspaces/pcl_ws/install/pcl_filter:/mnt/nova_ssd/workspaces/pcl_ws/install/my_package:/mnt/nova_ssd/workspaces/pcl_ws/install/livox_tf:/opt/ros/humble:/mnt/nova_ssd/workspaces/scout/install/ugv_sdk:/mnt/nova_ssd/workspaces/scout/install/scout_msgs:/mnt/nova_ssd/workspaces/scout/install/scout_description:/mnt/nova_ssd/workspaces/lidarslam_ws/install/lidarslam:/mnt/nova_ssd/workspaces/lidarslam_ws/install/scanmatcher:/mnt/nova_ssd/workspaces/lidarslam_ws/install/graph_based_slam:/mnt/nova_ssd/workspaces/lidarslam_ws/install/ndt_omp_ros2:/mnt/nova_ssd/workspaces/lidarslam_ws/install/lidarslam_msgs:/mnt/nova_ssd/workspaces/octomap_ws/install/octomap_example:/mnt/nova_ssd/workspaces/pcl_ws/install/pointcloud_to_laserscan:/mnt/nova_ssd/workspaces/pcl_ws/install/pcl_object_detection /usr/bin/cmake --build /mnt/nova_ssd/workspaces/navigation/build/dstar_main -- -j12 -l12
[0.175s] [35m[1mConsolidate compiler generated dependencies of target dstar_main[0m
[0.242s] [ 25%] [32mBuilding CXX object CMakeFiles/dstar_main.dir/src/dstar_main.cpp.o[0m
[12.803s] In file included from [01m[K/mnt/nova_ssd/workspaces/navigation/src/dstar_main/src/dstar_main.cpp:2[m[K:
[12.803s] [01m[K/mnt/nova_ssd/workspaces/navigation/src/dstar_main/include/dstar_main/dstar_lct.hpp:[m[K In member function â€˜[01m[Kvoid dstarNode::LinkCutTree::rotate(dstarNode::Nodeptr)[m[Kâ€™:
[12.803s] [01m[K/mnt/nova_ssd/workspaces/navigation/src/dstar_main/include/dstar_main/dstar_lct.hpp:12:13:[m[K [01;35m[Kwarning: [m[Kthis â€˜[01m[Kif[m[Kâ€™ clause does not guard... [[01;35m[K]8;;https://gcc.gnu.org/onlinedocs/gcc/Warning-Options.html#index-Wmisleading-indentation-Wmisleading-indentation]8;;[m[K]
[12.804s]    12 |             [01;35m[Kif[m[K(!is_root(f)) ff->son[get_son(f)] = x; x -> father = ff;
[12.804s]       |             [01;35m[K^~[m[K
[12.804s] [01m[K/mnt/nova_ssd/workspaces/navigation/src/dstar_main/include/dstar_main/dstar_lct.hpp:12:54:[m[K [01;36m[Knote: [m[K...this statement, but the latter is misleadingly indented as if it were guarded by the â€˜[01m[Kif[m[Kâ€™
[12.804s]    12 |             if(!is_root(f)) ff->son[get_son(f)] = x; [01;36m[Kx[m[K -> father = ff;
[12.804s]       |                                                      [01;36m[K^[m[K
[12.928s] [01m[K/mnt/nova_ssd/workspaces/navigation/src/dstar_main/src/dstar_main.cpp:[m[K In member function â€˜[01m[Kgeometry_msgs::msg::Point dstarNode::transformPoint(const Point&, const string&, const string&, geometry_msgs::msg::TransformStamped)[m[Kâ€™:
[12.931s] [01m[K/mnt/nova_ssd/workspaces/navigation/src/dstar_main/src/dstar_main.cpp:278:112:[m[K [01;35m[Kwarning: [m[Kunused parameter â€˜[01m[Ktarget_frame[m[Kâ€™ [[01;35m[K]8;;https://gcc.gnu.org/onlinedocs/gcc/Warning-Options.html#index-Wunused-parameter-Wunused-parameter]8;;[m[K]
[12.931s]   278 | geometry_msgs::msg::Point dstarNode::transformPoint(const geometry_msgs::msg::Point& point, [01;35m[Kconst std::string& target_frame[m[K, const std::string& source_frame, geometry_msgs::msg::TransformStamped transformStamped) {
[12.931s]       |                                                                                             [01;35m[K~~~~~~~~~~~~~~~~~~~^~~~~~~~~~~~[m[K
[27.685s] gmake[2]: *** wait: No child processes.  Stop.
[27.685s] gmake[2]: *** Waiting for unfinished jobs....
[27.685s] gmake[2]: *** wait: No child processes.  Stop.
[27.686s] gmake[1]: *** [CMakeFiles/Makefile2:139: CMakeFiles/dstar_main.dir/all] Error 2
[27.686s] gmake: *** [Makefile:146: all] Interrupt
[27.776s] Invoked command in '/mnt/nova_ssd/workspaces/navigation/build/dstar_main' returned '-2': CMAKE_PREFIX_PATH=/mnt/nova_ssd/workspaces/navigation/install/dwa_main:/mnt/nova_ssd/workspaces/navigation/install/dstar_main:/mnt/nova_ssd/workspaces/navigation/install/costmap_converter:/mnt/nova_ssd/workspaces/navigation/install/costmap_converter_msgs:/mnt/nova_ssd/workspaces/kiss-icp_ws/install/kiss_icp:/mnt/nova_ssd/workspaces/3d_lidar/src/ws_livox/install/livox_ros_driver2:/mnt/nova_ssd/workspaces/scout/install/scout_base:/mnt/nova_ssd/workspaces/pcl_ws/install/pcl_filter:/mnt/nova_ssd/workspaces/pcl_ws/install/my_package:/mnt/nova_ssd/workspaces/pcl_ws/install/livox_tf:/opt/ros/humble:/mnt/nova_ssd/workspaces/scout/install/ugv_sdk:/mnt/nova_ssd/workspaces/scout/install/scout_msgs:/mnt/nova_ssd/workspaces/scout/install/scout_description:/mnt/nova_ssd/workspaces/lidarslam_ws/install/lidarslam:/mnt/nova_ssd/workspaces/lidarslam_ws/install/scanmatcher:/mnt/nova_ssd/workspaces/lidarslam_ws/install/graph_based_slam:/mnt/nova_ssd/workspaces/lidarslam_ws/install/ndt_omp_ros2:/mnt/nova_ssd/workspaces/lidarslam_ws/install/lidarslam_msgs:/mnt/nova_ssd/workspaces/octomap_ws/install/octomap_example:/mnt/nova_ssd/workspaces/pcl_ws/install/pointcloud_to_laserscan:/mnt/nova_ssd/workspaces/pcl_ws/install/pcl_object_detection /usr/bin/cmake --build /mnt/nova_ssd/workspaces/navigation/build/dstar_main -- -j12 -l12
