[0.039s] Invoking command in '/mnt/nova_ssd/workspaces/navigation/build/dstar_main': CMAKE_PREFIX_PATH=/mnt/nova_ssd/workspaces/navigation/install/dwa_main:/mnt/nova_ssd/workspaces/navigation/install/dstar_main:/mnt/nova_ssd/workspaces/navigation/install/costmap_converter:/mnt/nova_ssd/workspaces/navigation/install/costmap_converter_msgs:/mnt/nova_ssd/workspaces/texttopoint_ws/install/point_publisher_pkg:/mnt/nova_ssd/workspaces/kiss-icp_ws/install/kiss_icp:/mnt/nova_ssd/workspaces/3d_lidar/src/ws_livox/install/livox_ros_driver2:/mnt/nova_ssd/workspaces/scout/install/scout_base:/mnt/nova_ssd/workspaces/pcl_ws/install/my_package:/mnt/nova_ssd/workspaces/pcl_ws/install/livox_tf:/opt/ros/humble:/mnt/nova_ssd/workspaces/scout/install/ugv_sdk:/mnt/nova_ssd/workspaces/scout/install/scout_msgs:/mnt/nova_ssd/workspaces/scout/install/scout_description:/mnt/nova_ssd/workspaces/octomap_ws/install/octomap_example:/mnt/nova_ssd/workspaces/pcl_ws/install/projected_pcl:/mnt/nova_ssd/workspaces/pcl_ws/install/pointcloud_to_laserscan:/mnt/nova_ssd/workspaces/pcl_ws/install/pcl_object_detection:/mnt/nova_ssd/workspaces/pcl_ws/install/pcl_filter /usr/bin/cmake --build /mnt/nova_ssd/workspaces/navigation/build/dstar_main -- -j12 -l12
[0.161s] [ 25%] Built target dstar_main
[0.170s] [ 50%] Built target scan2grid
[0.171s] [ 75%] Built target map2grid
[0.172s] [ 87%] [32mBuilding CXX object CMakeFiles/dwa_main.dir/src/dwa_main.cpp.o[0m
[9.984s] In file included from [01m[K/mnt/nova_ssd/workspaces/navigation/src/dstar_main/src/dwa_main.cpp:1[m[K:
[9.984s] [01m[K/mnt/nova_ssd/workspaces/navigation/src/dstar_main/include/dwa_main/dwa_main.h:47:9:[m[K [01;31m[Kerror: [m[Kâ€˜[01m[KrclcPP[m[Kâ€™ does not name a type
[9.985s]    47 |         [01;31m[KrclcPP[m[K::Publisher<visualization_msgs::msg::MarkerArray>::SharedPtr marker_pub;
[9.985s]       |         [01;31m[K^~~~~~[m[K
[10.199s] [01m[K/mnt/nova_ssd/workspaces/navigation/src/dstar_main/src/dwa_main.cpp:[m[K In constructor â€˜[01m[KdwaNode::dwaNode()[m[Kâ€™:
[10.200s] [01m[K/mnt/nova_ssd/workspaces/navigation/src/dstar_main/src/dwa_main.cpp:91:5:[m[K [01;31m[Kerror: [m[Kâ€˜[01m[Kmarker_pub[m[Kâ€™ was not declared in this scope
[10.200s]    91 |     [01;31m[Kmarker_pub[m[K = this->create_publisher<visualization_msgs::msg::MarkerArray>("/dwa_trajectory", 10);
[10.200s]       |     [01;31m[K^~~~~~~~~~[m[K
[10.228s] [01m[K/mnt/nova_ssd/workspaces/navigation/src/dstar_main/src/dwa_main.cpp:[m[K In member function â€˜[01m[Kgeometry_msgs::msg::Point dwaNode::transformPoint(const Point&, const string&, const string&, geometry_msgs::msg::TransformStamped)[m[Kâ€™:
[10.228s] [01m[K/mnt/nova_ssd/workspaces/navigation/src/dstar_main/src/dwa_main.cpp:114:110:[m[K [01;35m[Kwarning: [m[Kunused parameter â€˜[01m[Ktarget_frame[m[Kâ€™ [[01;35m[K]8;;https://gcc.gnu.org/onlinedocs/gcc/Warning-Options.html#index-Wunused-parameter-Wunused-parameter]8;;[m[K]
[10.228s]   114 | geometry_msgs::msg::Point dwaNode::transformPoint(const geometry_msgs::msg::Point& point, [01;35m[Kconst std::string& target_frame[m[K, const std::string& source_frame, geometry_msgs::msg::TransformStamped transformStamped) {
[10.228s]       |                                                                                           [01;35m[K~~~~~~~~~~~~~~~~~~~^~~~~~~~~~~~[m[K
[10.280s] [01m[K/mnt/nova_ssd/workspaces/navigation/src/dstar_main/src/dwa_main.cpp:[m[K In member function â€˜[01m[KdwaNode::Velocity dwaNode::find_best_velocity(dwaNode::Position, dwaNode::Position)[m[Kâ€™:
[10.280s] [01m[K/mnt/nova_ssd/workspaces/navigation/src/dstar_main/src/dwa_main.cpp:213:5:[m[K [01;31m[Kerror: [m[Kâ€˜[01m[Kmarker_pub[m[Kâ€™ was not declared in this scope
[10.280s]   213 |     [01;31m[Kmarker_pub[m[K->publish(marker_array);
[10.280s]       |     [01;31m[K^~~~~~~~~~[m[K
[17.483s] gmake[2]: *** [CMakeFiles/dwa_main.dir/build.make:76: CMakeFiles/dwa_main.dir/src/dwa_main.cpp.o] Error 1
[17.483s] gmake[1]: *** [CMakeFiles/Makefile2:169: CMakeFiles/dwa_main.dir/all] Error 2
[17.484s] gmake: *** [Makefile:146: all] Error 2
[17.487s] Invoked command in '/mnt/nova_ssd/workspaces/navigation/build/dstar_main' returned '2': CMAKE_PREFIX_PATH=/mnt/nova_ssd/workspaces/navigation/install/dwa_main:/mnt/nova_ssd/workspaces/navigation/install/dstar_main:/mnt/nova_ssd/workspaces/navigation/install/costmap_converter:/mnt/nova_ssd/workspaces/navigation/install/costmap_converter_msgs:/mnt/nova_ssd/workspaces/texttopoint_ws/install/point_publisher_pkg:/mnt/nova_ssd/workspaces/kiss-icp_ws/install/kiss_icp:/mnt/nova_ssd/workspaces/3d_lidar/src/ws_livox/install/livox_ros_driver2:/mnt/nova_ssd/workspaces/scout/install/scout_base:/mnt/nova_ssd/workspaces/pcl_ws/install/my_package:/mnt/nova_ssd/workspaces/pcl_ws/install/livox_tf:/opt/ros/humble:/mnt/nova_ssd/workspaces/scout/install/ugv_sdk:/mnt/nova_ssd/workspaces/scout/install/scout_msgs:/mnt/nova_ssd/workspaces/scout/install/scout_description:/mnt/nova_ssd/workspaces/octomap_ws/install/octomap_example:/mnt/nova_ssd/workspaces/pcl_ws/install/projected_pcl:/mnt/nova_ssd/workspaces/pcl_ws/install/pointcloud_to_laserscan:/mnt/nova_ssd/workspaces/pcl_ws/install/pcl_object_detection:/mnt/nova_ssd/workspaces/pcl_ws/install/pcl_filter /usr/bin/cmake --build /mnt/nova_ssd/workspaces/navigation/build/dstar_main -- -j12 -l12
