[0.017s] Invoking command in '/mnt/nova_ssd/workspaces/navigation/build/dstar_main': CMAKE_PREFIX_PATH=${CMAKE_PREFIX_PATH}:/opt/ros/humble /usr/bin/cmake --build /mnt/nova_ssd/workspaces/navigation/build/dstar_main -- -j12 -l12
[0.099s] [35m[1mConsolidate compiler generated dependencies of target dstar_main[0m
[0.149s] [ 50%] [32mBuilding CXX object CMakeFiles/dstar_main.dir/src/dstar_main.cpp.o[0m
[0.584s] In file included from [01m[K/mnt/nova_ssd/workspaces/navigation/src/dstar_main/include/dstar_main/dstar_main.h:14[m[K,
[0.584s]                  from [01m[K/mnt/nova_ssd/workspaces/navigation/src/dstar_main/src/dstar_main.cpp:1[m[K:
[0.584s] [01m[K/opt/ros/humble/include/tf2_geometry_msgs/tf2_geometry_msgs/tf2_geometry_msgs.h:35:2:[m[K [01;35m[Kwarning: [m[K#warning This header is obsolete, please include tf2_geometry_msgs/tf2_geometry_msgs.hpp instead [[01;35m[K]8;;https://gcc.gnu.org/onlinedocs/gcc/Warning-Options.html#index-Wcpp-Wcpp]8;;[m[K]
[0.584s]    35 | #[01;35m[Kwarning[m[K This header is obsolete, please include tf2_geometry_msgs/tf2_geometry_msgs.hpp instead
[0.584s]       |  [01;35m[K^~~~~~~[m[K
[9.897s] In file included from [01m[K/mnt/nova_ssd/workspaces/navigation/src/dstar_main/src/dstar_main.cpp:2[m[K:
[9.897s] [01m[K/mnt/nova_ssd/workspaces/navigation/src/dstar_main/include/dstar_main/dstar_lct.hpp:[m[K In member function â€˜[01m[Kvoid dstarNode::LinkCutTree::rotate(dstarNode::Nodeptr)[m[Kâ€™:
[9.897s] [01m[K/mnt/nova_ssd/workspaces/navigation/src/dstar_main/include/dstar_main/dstar_lct.hpp:12:13:[m[K [01;35m[Kwarning: [m[Kthis â€˜[01m[Kif[m[Kâ€™ clause does not guard... [[01;35m[K]8;;https://gcc.gnu.org/onlinedocs/gcc/Warning-Options.html#index-Wmisleading-indentation-Wmisleading-indentation]8;;[m[K]
[9.898s]    12 |             [01;35m[Kif[m[K(!is_root(f)) ff->son[get_son(f)] = x; x -> father = ff;
[9.898s]       |             [01;35m[K^~[m[K
[9.898s] [01m[K/mnt/nova_ssd/workspaces/navigation/src/dstar_main/include/dstar_main/dstar_lct.hpp:12:54:[m[K [01;36m[Knote: [m[K...this statement, but the latter is misleadingly indented as if it were guarded by the â€˜[01m[Kif[m[Kâ€™
[9.898s]    12 |             if(!is_root(f)) ff->son[get_son(f)] = x; [01;36m[Kx[m[K -> father = ff;
[9.898s]       |                                                      [01;36m[K^[m[K
[9.966s] [01m[K/mnt/nova_ssd/workspaces/navigation/src/dstar_main/src/dstar_main.cpp:[m[K In member function â€˜[01m[Kvoid dstarNode::dstar_update()[m[Kâ€™:
[9.966s] [01m[K/mnt/nova_ssd/workspaces/navigation/src/dstar_main/src/dstar_main.cpp:91:14:[m[K [01;31m[Kerror: [m[Kexpected â€˜[01m[K;[m[Kâ€™ before â€˜[01m[K:[m[Kâ€™ token
[9.966s]    91 |         num++[01;31m[K:[m[K
[9.966s]       |              [01;31m[K^[m[K
[9.966s]       |              [32m[K;[m[K
[10.007s] [01m[K/mnt/nova_ssd/workspaces/navigation/src/dstar_main/src/dstar_main.cpp:[m[K In member function â€˜[01m[Kgeometry_msgs::msg::Point dstarNode::transformPoint(const Point&, const string&, const string&, geometry_msgs::msg::TransformStamped)[m[Kâ€™:
[10.007s] [01m[K/mnt/nova_ssd/workspaces/navigation/src/dstar_main/src/dstar_main.cpp:260:112:[m[K [01;35m[Kwarning: [m[Kunused parameter â€˜[01m[Ktarget_frame[m[Kâ€™ [[01;35m[K]8;;https://gcc.gnu.org/onlinedocs/gcc/Warning-Options.html#index-Wunused-parameter-Wunused-parameter]8;;[m[K]
[10.007s]   260 | geometry_msgs::msg::Point dstarNode::transformPoint(const geometry_msgs::msg::Point& point, [01;35m[Kconst std::string& target_frame[m[K, const std::string& source_frame, geometry_msgs::msg::TransformStamped transformStamped) {
[10.007s]       |                                                                                             [01;35m[K~~~~~~~~~~~~~~~~~~~^~~~~~~~~~~~[m[K
[19.031s] gmake[2]: *** [CMakeFiles/dstar_main.dir/build.make:76: CMakeFiles/dstar_main.dir/src/dstar_main.cpp.o] Error 1
[19.032s] gmake[1]: *** [CMakeFiles/Makefile2:137: CMakeFiles/dstar_main.dir/all] Error 2
[19.032s] gmake: *** [Makefile:146: all] Error 2
[19.037s] Invoked command in '/mnt/nova_ssd/workspaces/navigation/build/dstar_main' returned '2': CMAKE_PREFIX_PATH=${CMAKE_PREFIX_PATH}:/opt/ros/humble /usr/bin/cmake --build /mnt/nova_ssd/workspaces/navigation/build/dstar_main -- -j12 -l12
